{"/Users/alecfelt/Neo-Market/WebApp/jest.setup.js": {"path":"/Users/alecfelt/Neo-Market/WebApp/jest.setup.js","statementMap":{"0":{"start":{"line":4,"column":0},"end":{"line":4,"column":37}}},"fnMap":{},"branchMap":{},"s":{"0":5},"f":{},"b":{},"_coverageSchema":"332fd63041d2c1bcb487cc26dd0d5f7d97098a6c","hash":"70d8ebfde1c7572051ffcc62df1e1ed943af0239"}
,"/Users/alecfelt/Neo-Market/WebApp/components/data.js": {"path":"/Users/alecfelt/Neo-Market/WebApp/components/data.js","statementMap":{"0":{"start":{"line":9,"column":29},"end":{"line":9,"column":111}}},"fnMap":{},"branchMap":{},"s":{"0":3},"f":{},"b":{},"_coverageSchema":"332fd63041d2c1bcb487cc26dd0d5f7d97098a6c","hash":"3088dc1337d4acdf9a0dd99b08dc0567d09e5a4a"}
,"/Users/alecfelt/Neo-Market/WebApp/components/fireBaseFunctions.js": {"path":"/Users/alecfelt/Neo-Market/WebApp/components/fireBaseFunctions.js","statementMap":{"0":{"start":{"line":6,"column":1},"end":{"line":22,"column":3}},"1":{"start":{"line":7,"column":30},"end":{"line":7,"column":72}},"2":{"start":{"line":8,"column":4},"end":{"line":21,"column":6}},"3":{"start":{"line":9,"column":17},"end":{"line":9,"column":44}},"4":{"start":{"line":10,"column":6},"end":{"line":20,"column":7}},"5":{"start":{"line":11,"column":8},"end":{"line":19,"column":9}},"6":{"start":{"line":12,"column":20},"end":{"line":12,"column":68}},"7":{"start":{"line":13,"column":10},"end":{"line":18,"column":13}},"8":{"start":{"line":14,"column":12},"end":{"line":14,"column":58}},"9":{"start":{"line":16,"column":12},"end":{"line":16,"column":30}},"10":{"start":{"line":17,"column":12},"end":{"line":17,"column":43}},"11":{"start":{"line":26,"column":2},"end":{"line":30,"column":3}},"12":{"start":{"line":27,"column":4},"end":{"line":29,"column":5}},"13":{"start":{"line":28,"column":6},"end":{"line":28,"column":17}},"14":{"start":{"line":31,"column":2},"end":{"line":31,"column":14}},"15":{"start":{"line":35,"column":22},"end":{"line":35,"column":24}},"16":{"start":{"line":36,"column":17},"end":{"line":36,"column":19}},"17":{"start":{"line":38,"column":28},"end":{"line":38,"column":65}},"18":{"start":{"line":39,"column":2},"end":{"line":59,"column":4}},"19":{"start":{"line":40,"column":4},"end":{"line":53,"column":6}},"20":{"start":{"line":41,"column":6},"end":{"line":52,"column":7}},"21":{"start":{"line":42,"column":8},"end":{"line":49,"column":9}},"22":{"start":{"line":51,"column":8},"end":{"line":51,"column":36}},"23":{"start":{"line":56,"column":4},"end":{"line":58,"column":5}},"24":{"start":{"line":57,"column":6},"end":{"line":57,"column":44}},"25":{"start":{"line":64,"column":12},"end":{"line":64,"column":61}},"26":{"start":{"line":65,"column":2},"end":{"line":81,"column":5}},"27":{"start":{"line":66,"column":4},"end":{"line":66,"column":44}},"28":{"start":{"line":69,"column":4},"end":{"line":69,"column":75}},"29":{"start":{"line":72,"column":4},"end":{"line":80,"column":7}},"30":{"start":{"line":85,"column":22},"end":{"line":85,"column":24}},"31":{"start":{"line":86,"column":17},"end":{"line":86,"column":19}},"32":{"start":{"line":88,"column":2},"end":{"line":107,"column":5}},"33":{"start":{"line":89,"column":4},"end":{"line":104,"column":6}},"34":{"start":{"line":90,"column":6},"end":{"line":97,"column":7}},"35":{"start":{"line":98,"column":6},"end":{"line":98,"column":34}},"36":{"start":{"line":100,"column":6},"end":{"line":102,"column":7}},"37":{"start":{"line":101,"column":8},"end":{"line":101,"column":46}},"38":{"start":{"line":106,"column":4},"end":{"line":106,"column":22}},"39":{"start":{"line":111,"column":2},"end":{"line":115,"column":3}},"40":{"start":{"line":112,"column":4},"end":{"line":114,"column":5}},"41":{"start":{"line":113,"column":6},"end":{"line":113,"column":17}},"42":{"start":{"line":116,"column":2},"end":{"line":116,"column":14}},"43":{"start":{"line":120,"column":2},"end":{"line":142,"column":4}},"44":{"start":{"line":121,"column":18},"end":{"line":128,"column":5}},"45":{"start":{"line":129,"column":23},"end":{"line":129,"column":50}},"46":{"start":{"line":130,"column":4},"end":{"line":141,"column":5}},"47":{"start":{"line":131,"column":6},"end":{"line":131,"column":65}},"48":{"start":{"line":132,"column":6},"end":{"line":132,"column":62}},"49":{"start":{"line":135,"column":6},"end":{"line":140,"column":9}},"50":{"start":{"line":137,"column":8},"end":{"line":137,"column":82}},"51":{"start":{"line":138,"column":8},"end":{"line":138,"column":31}},"52":{"start":{"line":139,"column":8},"end":{"line":139,"column":34}},"53":{"start":{"line":146,"column":2},"end":{"line":154,"column":5}},"54":{"start":{"line":151,"column":4},"end":{"line":151,"column":80}},"55":{"start":{"line":152,"column":4},"end":{"line":152,"column":27}},"56":{"start":{"line":153,"column":4},"end":{"line":153,"column":30}},"57":{"start":{"line":158,"column":2},"end":{"line":164,"column":5}},"58":{"start":{"line":159,"column":4},"end":{"line":159,"column":67}},"59":{"start":{"line":161,"column":4},"end":{"line":161,"column":81}},"60":{"start":{"line":162,"column":4},"end":{"line":162,"column":27}},"61":{"start":{"line":163,"column":4},"end":{"line":163,"column":30}}},"fnMap":{"0":{"name":"pullingDatabaseImage","decl":{"start":{"line":5,"column":16},"end":{"line":5,"column":36}},"loc":{"start":{"line":5,"column":74},"end":{"line":23,"column":1}},"line":5},"1":{"name":"(anonymous_1)","decl":{"start":{"line":8,"column":36},"end":{"line":8,"column":37}},"loc":{"start":{"line":8,"column":55},"end":{"line":21,"column":5}},"line":8},"2":{"name":"(anonymous_2)","decl":{"start":{"line":13,"column":36},"end":{"line":13,"column":37}},"loc":{"start":{"line":13,"column":43},"end":{"line":15,"column":11}},"line":13},"3":{"name":"(anonymous_3)","decl":{"start":{"line":15,"column":19},"end":{"line":15,"column":20}},"loc":{"start":{"line":15,"column":26},"end":{"line":18,"column":11}},"line":15},"4":{"name":"isInItemList","decl":{"start":{"line":25,"column":9},"end":{"line":25,"column":21}},"loc":{"start":{"line":25,"column":39},"end":{"line":32,"column":1}},"line":25},"5":{"name":"pullDataFromDatabase","decl":{"start":{"line":34,"column":16},"end":{"line":34,"column":36}},"loc":{"start":{"line":34,"column":43},"end":{"line":60,"column":1}},"line":34},"6":{"name":"(anonymous_6)","decl":{"start":{"line":39,"column":34},"end":{"line":39,"column":35}},"loc":{"start":{"line":39,"column":53},"end":{"line":59,"column":3}},"line":39},"7":{"name":"(anonymous_7)","decl":{"start":{"line":40,"column":21},"end":{"line":40,"column":22}},"loc":{"start":{"line":40,"column":40},"end":{"line":53,"column":5}},"line":40},"8":{"name":"postNewPostingToDatabase","decl":{"start":{"line":62,"column":16},"end":{"line":62,"column":40}},"loc":{"start":{"line":62,"column":98},"end":{"line":82,"column":1}},"line":62},"9":{"name":"(anonymous_9)","decl":{"start":{"line":65,"column":26},"end":{"line":65,"column":27}},"loc":{"start":{"line":65,"column":45},"end":{"line":81,"column":3}},"line":65},"10":{"name":"pullUsersFromDatabase","decl":{"start":{"line":84,"column":16},"end":{"line":84,"column":37}},"loc":{"start":{"line":84,"column":43},"end":{"line":108,"column":1}},"line":84},"11":{"name":"(anonymous_11)","decl":{"start":{"line":88,"column":56},"end":{"line":88,"column":57}},"loc":{"start":{"line":88,"column":70},"end":{"line":105,"column":3}},"line":88},"12":{"name":"(anonymous_12)","decl":{"start":{"line":89,"column":21},"end":{"line":89,"column":22}},"loc":{"start":{"line":89,"column":40},"end":{"line":104,"column":5}},"line":89},"13":{"name":"(anonymous_13)","decl":{"start":{"line":105,"column":11},"end":{"line":105,"column":12}},"loc":{"start":{"line":105,"column":18},"end":{"line":107,"column":3}},"line":105},"14":{"name":"isUserRegisterd","decl":{"start":{"line":110,"column":9},"end":{"line":110,"column":24}},"loc":{"start":{"line":110,"column":45},"end":{"line":117,"column":1}},"line":110},"15":{"name":"registerUserToDatabase","decl":{"start":{"line":119,"column":16},"end":{"line":119,"column":38}},"loc":{"start":{"line":119,"column":98},"end":{"line":143,"column":1}},"line":119},"16":{"name":"(anonymous_16)","decl":{"start":{"line":120,"column":56},"end":{"line":120,"column":57}},"loc":{"start":{"line":120,"column":70},"end":{"line":142,"column":3}},"line":120},"17":{"name":"(anonymous_17)","decl":{"start":{"line":135,"column":123},"end":{"line":135,"column":124}},"loc":{"start":{"line":135,"column":139},"end":{"line":140,"column":7}},"line":135},"18":{"name":"loginUser","decl":{"start":{"line":145,"column":16},"end":{"line":145,"column":25}},"loc":{"start":{"line":145,"column":43},"end":{"line":155,"column":1}},"line":145},"19":{"name":"(anonymous_19)","decl":{"start":{"line":149,"column":10},"end":{"line":149,"column":11}},"loc":{"start":{"line":149,"column":26},"end":{"line":154,"column":3}},"line":149},"20":{"name":"logoutUser","decl":{"start":{"line":157,"column":16},"end":{"line":157,"column":26}},"loc":{"start":{"line":157,"column":43},"end":{"line":165,"column":1}},"line":157},"21":{"name":"(anonymous_21)","decl":{"start":{"line":158,"column":33},"end":{"line":158,"column":34}},"loc":{"start":{"line":158,"column":44},"end":{"line":160,"column":3}},"line":158},"22":{"name":"(anonymous_22)","decl":{"start":{"line":160,"column":11},"end":{"line":160,"column":12}},"loc":{"start":{"line":160,"column":27},"end":{"line":164,"column":3}},"line":160}},"branchMap":{"0":{"loc":{"start":{"line":6,"column":1},"end":{"line":22,"column":3}},"type":"if","locations":[{"start":{"line":6,"column":1},"end":{"line":22,"column":3}},{"start":{"line":6,"column":1},"end":{"line":22,"column":3}}],"line":6},"1":{"loc":{"start":{"line":6,"column":4},"end":{"line":6,"column":24}},"type":"binary-expr","locations":[{"start":{"line":6,"column":4},"end":{"line":6,"column":12}},{"start":{"line":6,"column":16},"end":{"line":6,"column":24}}],"line":6},"2":{"loc":{"start":{"line":11,"column":8},"end":{"line":19,"column":9}},"type":"if","locations":[{"start":{"line":11,"column":8},"end":{"line":19,"column":9}},{"start":{"line":11,"column":8},"end":{"line":19,"column":9}}],"line":11},"3":{"loc":{"start":{"line":27,"column":4},"end":{"line":29,"column":5}},"type":"if","locations":[{"start":{"line":27,"column":4},"end":{"line":29,"column":5}},{"start":{"line":27,"column":4},"end":{"line":29,"column":5}}],"line":27},"4":{"loc":{"start":{"line":41,"column":6},"end":{"line":52,"column":7}},"type":"if","locations":[{"start":{"line":41,"column":6},"end":{"line":52,"column":7}},{"start":{"line":41,"column":6},"end":{"line":52,"column":7}}],"line":41},"5":{"loc":{"start":{"line":56,"column":4},"end":{"line":58,"column":5}},"type":"if","locations":[{"start":{"line":56,"column":4},"end":{"line":58,"column":5}},{"start":{"line":56,"column":4},"end":{"line":58,"column":5}}],"line":56},"6":{"loc":{"start":{"line":100,"column":6},"end":{"line":102,"column":7}},"type":"if","locations":[{"start":{"line":100,"column":6},"end":{"line":102,"column":7}},{"start":{"line":100,"column":6},"end":{"line":102,"column":7}}],"line":100},"7":{"loc":{"start":{"line":112,"column":4},"end":{"line":114,"column":5}},"type":"if","locations":[{"start":{"line":112,"column":4},"end":{"line":114,"column":5}},{"start":{"line":112,"column":4},"end":{"line":114,"column":5}}],"line":112},"8":{"loc":{"start":{"line":130,"column":4},"end":{"line":141,"column":5}},"type":"if","locations":[{"start":{"line":130,"column":4},"end":{"line":141,"column":5}},{"start":{"line":130,"column":4},"end":{"line":141,"column":5}}],"line":130}},"s":{"0":0,"1":0,"2":0,"3":0,"4":0,"5":0,"6":0,"7":0,"8":0,"9":0,"10":0,"11":0,"12":0,"13":0,"14":0,"15":1,"16":1,"17":1,"18":1,"19":0,"20":0,"21":0,"22":0,"23":0,"24":0,"25":0,"26":0,"27":0,"28":0,"29":0,"30":1,"31":1,"32":1,"33":0,"34":0,"35":0,"36":0,"37":0,"38":0,"39":0,"40":0,"41":0,"42":0,"43":0,"44":0,"45":0,"46":0,"47":0,"48":0,"49":0,"50":0,"51":0,"52":0,"53":0,"54":0,"55":0,"56":0,"57":0,"58":0,"59":0,"60":0,"61":0},"f":{"0":0,"1":0,"2":0,"3":0,"4":0,"5":1,"6":0,"7":0,"8":0,"9":0,"10":1,"11":0,"12":0,"13":0,"14":0,"15":0,"16":0,"17":0,"18":0,"19":0,"20":0,"21":0,"22":0},"b":{"0":[0,0],"1":[0,0],"2":[0,0],"3":[0,0],"4":[0,0],"5":[0,0],"6":[0,0],"7":[0,0],"8":[0,0]},"_coverageSchema":"332fd63041d2c1bcb487cc26dd0d5f7d97098a6c","hash":"49cee77bbef77515c015963960dbc948609992c8"}
,"/Users/alecfelt/Neo-Market/WebApp/components/stylesheet.js": {"path":"/Users/alecfelt/Neo-Market/WebApp/components/stylesheet.js","statementMap":{"0":{"start":{"line":1,"column":26},"end":{"line":3,"column":1}},"1":{"start":{"line":2,"column":2},"end":{"line":2,"column":59}}},"fnMap":{"0":{"name":"(anonymous_0)","decl":{"start":{"line":1,"column":26},"end":{"line":1,"column":27}},"loc":{"start":{"line":2,"column":2},"end":{"line":2,"column":59}},"line":2}},"branchMap":{},"s":{"0":4,"1":0},"f":{"0":0},"b":{},"_coverageSchema":"332fd63041d2c1bcb487cc26dd0d5f7d97098a6c","hash":"649ee53861b64fb6ad430554d4dbc05c8c5e15dc"}
,"/Users/alecfelt/Neo-Market/WebApp/components/app/app.js": {"path":"/Users/alecfelt/Neo-Market/WebApp/components/app/app.js","statementMap":{"0":{"start":{"line":36,"column":4},"end":{"line":36,"column":25}},"1":{"start":{"line":37,"column":4},"end":{"line":63,"column":5}},"2":{"start":{"line":66,"column":4},"end":{"line":66,"column":51}},"3":{"start":{"line":67,"column":4},"end":{"line":67,"column":57}},"4":{"start":{"line":68,"column":4},"end":{"line":68,"column":73}},"5":{"start":{"line":69,"column":4},"end":{"line":69,"column":63}},"6":{"start":{"line":70,"column":4},"end":{"line":70,"column":43}},"7":{"start":{"line":71,"column":4},"end":{"line":71,"column":49}},"8":{"start":{"line":72,"column":4},"end":{"line":72,"column":57}},"9":{"start":{"line":73,"column":4},"end":{"line":73,"column":63}},"10":{"start":{"line":74,"column":4},"end":{"line":74,"column":45}},"11":{"start":{"line":84,"column":4},"end":{"line":84,"column":30}},"12":{"start":{"line":85,"column":4},"end":{"line":85,"column":31}},"13":{"start":{"line":89,"column":4},"end":{"line":89,"column":57}},"14":{"start":{"line":93,"column":4},"end":{"line":93,"column":66}},"15":{"start":{"line":98,"column":18},"end":{"line":98,"column":96}},"16":{"start":{"line":99,"column":4},"end":{"line":99,"column":62}},"17":{"start":{"line":110,"column":4},"end":{"line":110,"column":27}},"18":{"start":{"line":111,"column":4},"end":{"line":117,"column":5}},"19":{"start":{"line":112,"column":21},"end":{"line":112,"column":40}},"20":{"start":{"line":113,"column":6},"end":{"line":115,"column":7}},"21":{"start":{"line":114,"column":8},"end":{"line":114,"column":37}},"22":{"start":{"line":116,"column":6},"end":{"line":116,"column":48}},"23":{"start":{"line":127,"column":16},"end":{"line":127,"column":48}},"24":{"start":{"line":128,"column":4},"end":{"line":133,"column":5}},"25":{"start":{"line":129,"column":6},"end":{"line":129,"column":43}},"26":{"start":{"line":130,"column":6},"end":{"line":130,"column":55}},"27":{"start":{"line":132,"column":6},"end":{"line":132,"column":47}},"28":{"start":{"line":137,"column":19},"end":{"line":137,"column":35}},"29":{"start":{"line":138,"column":4},"end":{"line":143,"column":5}},"30":{"start":{"line":139,"column":6},"end":{"line":142,"column":7}},"31":{"start":{"line":140,"column":8},"end":{"line":140,"column":19}},"32":{"start":{"line":141,"column":8},"end":{"line":141,"column":13}},"33":{"start":{"line":144,"column":4},"end":{"line":144,"column":16}},"34":{"start":{"line":148,"column":15},"end":{"line":148,"column":31}},"35":{"start":{"line":149,"column":4},"end":{"line":157,"column":5}},"36":{"start":{"line":150,"column":6},"end":{"line":156,"column":7}},"37":{"start":{"line":151,"column":8},"end":{"line":155,"column":9}},"38":{"start":{"line":152,"column":31},"end":{"line":152,"column":40}},"39":{"start":{"line":153,"column":10},"end":{"line":153,"column":31}},"40":{"start":{"line":154,"column":10},"end":{"line":154,"column":15}},"41":{"start":{"line":162,"column":4},"end":{"line":164,"column":5}},"42":{"start":{"line":163,"column":21},"end":{"line":163,"column":40}},"43":{"start":{"line":168,"column":20},"end":{"line":168,"column":21}},"44":{"start":{"line":169,"column":4},"end":{"line":181,"column":5}},"45":{"start":{"line":170,"column":25},"end":{"line":170,"column":48}},"46":{"start":{"line":171,"column":29},"end":{"line":171,"column":70}},"47":{"start":{"line":172,"column":6},"end":{"line":180,"column":7}},"48":{"start":{"line":173,"column":8},"end":{"line":173,"column":13}},"49":{"start":{"line":175,"column":22},"end":{"line":175,"column":47}},"50":{"start":{"line":176,"column":8},"end":{"line":178,"column":9}},"51":{"start":{"line":177,"column":10},"end":{"line":177,"column":37}},"52":{"start":{"line":179,"column":8},"end":{"line":179,"column":39}},"53":{"start":{"line":182,"column":4},"end":{"line":182,"column":20}},"54":{"start":{"line":186,"column":4},"end":{"line":186,"column":39}},"55":{"start":{"line":187,"column":4},"end":{"line":187,"column":38}},"56":{"start":{"line":191,"column":4},"end":{"line":206,"column":5}},"57":{"start":{"line":192,"column":6},"end":{"line":197,"column":7}},"58":{"start":{"line":198,"column":11},"end":{"line":206,"column":5}},"59":{"start":{"line":199,"column":6},"end":{"line":205,"column":7}},"60":{"start":{"line":208,"column":4},"end":{"line":220,"column":5}}},"fnMap":{"0":{"name":"(anonymous_0)","decl":{"start":{"line":35,"column":2},"end":{"line":35,"column":3}},"loc":{"start":{"line":35,"column":31},"end":{"line":75,"column":3}},"line":35},"1":{"name":"(anonymous_1)","decl":{"start":{"line":77,"column":2},"end":{"line":77,"column":3}},"loc":{"start":{"line":77,"column":24},"end":{"line":86,"column":3}},"line":77},"2":{"name":"(anonymous_2)","decl":{"start":{"line":88,"column":2},"end":{"line":88,"column":3}},"loc":{"start":{"line":88,"column":22},"end":{"line":90,"column":3}},"line":88},"3":{"name":"(anonymous_3)","decl":{"start":{"line":92,"column":2},"end":{"line":92,"column":3}},"loc":{"start":{"line":92,"column":18},"end":{"line":94,"column":3}},"line":92},"4":{"name":"(anonymous_4)","decl":{"start":{"line":96,"column":2},"end":{"line":96,"column":3}},"loc":{"start":{"line":96,"column":49},"end":{"line":105,"column":3}},"line":96},"5":{"name":"(anonymous_5)","decl":{"start":{"line":107,"column":2},"end":{"line":107,"column":3}},"loc":{"start":{"line":107,"column":17},"end":{"line":124,"column":3}},"line":107},"6":{"name":"(anonymous_6)","decl":{"start":{"line":126,"column":2},"end":{"line":126,"column":3}},"loc":{"start":{"line":126,"column":20},"end":{"line":134,"column":3}},"line":126},"7":{"name":"(anonymous_7)","decl":{"start":{"line":136,"column":2},"end":{"line":136,"column":3}},"loc":{"start":{"line":136,"column":21},"end":{"line":145,"column":3}},"line":136},"8":{"name":"(anonymous_8)","decl":{"start":{"line":147,"column":2},"end":{"line":147,"column":3}},"loc":{"start":{"line":147,"column":28},"end":{"line":158,"column":3}},"line":147},"9":{"name":"(anonymous_9)","decl":{"start":{"line":161,"column":2},"end":{"line":161,"column":3}},"loc":{"start":{"line":161,"column":21},"end":{"line":165,"column":3}},"line":161},"10":{"name":"(anonymous_10)","decl":{"start":{"line":167,"column":2},"end":{"line":167,"column":3}},"loc":{"start":{"line":167,"column":21},"end":{"line":183,"column":3}},"line":167},"11":{"name":"(anonymous_11)","decl":{"start":{"line":185,"column":2},"end":{"line":185,"column":3}},"loc":{"start":{"line":185,"column":13},"end":{"line":188,"column":3}},"line":185},"12":{"name":"(anonymous_12)","decl":{"start":{"line":190,"column":2},"end":{"line":190,"column":3}},"loc":{"start":{"line":190,"column":12},"end":{"line":221,"column":3}},"line":190}},"branchMap":{"0":{"loc":{"start":{"line":113,"column":6},"end":{"line":115,"column":7}},"type":"if","locations":[{"start":{"line":113,"column":6},"end":{"line":115,"column":7}},{"start":{"line":113,"column":6},"end":{"line":115,"column":7}}],"line":113},"1":{"loc":{"start":{"line":128,"column":4},"end":{"line":133,"column":5}},"type":"if","locations":[{"start":{"line":128,"column":4},"end":{"line":133,"column":5}},{"start":{"line":128,"column":4},"end":{"line":133,"column":5}}],"line":128},"2":{"loc":{"start":{"line":139,"column":6},"end":{"line":142,"column":7}},"type":"if","locations":[{"start":{"line":139,"column":6},"end":{"line":142,"column":7}},{"start":{"line":139,"column":6},"end":{"line":142,"column":7}}],"line":139},"3":{"loc":{"start":{"line":149,"column":4},"end":{"line":157,"column":5}},"type":"if","locations":[{"start":{"line":149,"column":4},"end":{"line":157,"column":5}},{"start":{"line":149,"column":4},"end":{"line":157,"column":5}}],"line":149},"4":{"loc":{"start":{"line":151,"column":8},"end":{"line":155,"column":9}},"type":"if","locations":[{"start":{"line":151,"column":8},"end":{"line":155,"column":9}},{"start":{"line":151,"column":8},"end":{"line":155,"column":9}}],"line":151},"5":{"loc":{"start":{"line":172,"column":6},"end":{"line":180,"column":7}},"type":"if","locations":[{"start":{"line":172,"column":6},"end":{"line":180,"column":7}},{"start":{"line":172,"column":6},"end":{"line":180,"column":7}}],"line":172},"6":{"loc":{"start":{"line":176,"column":8},"end":{"line":178,"column":9}},"type":"if","locations":[{"start":{"line":176,"column":8},"end":{"line":178,"column":9}},{"start":{"line":176,"column":8},"end":{"line":178,"column":9}}],"line":176},"7":{"loc":{"start":{"line":191,"column":4},"end":{"line":206,"column":5}},"type":"if","locations":[{"start":{"line":191,"column":4},"end":{"line":206,"column":5}},{"start":{"line":191,"column":4},"end":{"line":206,"column":5}}],"line":191},"8":{"loc":{"start":{"line":198,"column":11},"end":{"line":206,"column":5}},"type":"if","locations":[{"start":{"line":198,"column":11},"end":{"line":206,"column":5}},{"start":{"line":198,"column":11},"end":{"line":206,"column":5}}],"line":198}},"s":{"0":1,"1":1,"2":1,"3":1,"4":1,"5":1,"6":1,"7":1,"8":1,"9":1,"10":1,"11":1,"12":1,"13":1,"14":0,"15":0,"16":0,"17":0,"18":0,"19":0,"20":0,"21":0,"22":0,"23":0,"24":0,"25":0,"26":0,"27":0,"28":0,"29":0,"30":0,"31":0,"32":0,"33":0,"34":0,"35":0,"36":0,"37":0,"38":0,"39":0,"40":0,"41":0,"42":0,"43":0,"44":0,"45":0,"46":0,"47":0,"48":0,"49":0,"50":0,"51":0,"52":0,"53":0,"54":0,"55":0,"56":1,"57":0,"58":1,"59":0,"60":1},"f":{"0":1,"1":1,"2":1,"3":0,"4":0,"5":0,"6":0,"7":0,"8":0,"9":0,"10":0,"11":0,"12":1},"b":{"0":[0,0],"1":[0,0],"2":[0,0],"3":[0,0],"4":[0,0],"5":[0,0],"6":[0,0],"7":[0,1],"8":[0,1]},"_coverageSchema":"332fd63041d2c1bcb487cc26dd0d5f7d97098a6c","hash":"122fa2b431f4c5d1f9a318d885440c11a706b445"}
,"/Users/alecfelt/Neo-Market/WebApp/components/checkOutPage/checkOutPage.js": {"path":"/Users/alecfelt/Neo-Market/WebApp/components/checkOutPage/checkOutPage.js","statementMap":{"0":{"start":{"line":21,"column":4},"end":{"line":21,"column":25}},"1":{"start":{"line":22,"column":4},"end":{"line":24,"column":5}},"2":{"start":{"line":28,"column":33},"end":{"line":28,"column":66}},"3":{"start":{"line":29,"column":25},"end":{"line":29,"column":50}},"4":{"start":{"line":30,"column":28},"end":{"line":30,"column":56}},"5":{"start":{"line":31,"column":19},"end":{"line":31,"column":38}},"6":{"start":{"line":33,"column":4},"end":{"line":64,"column":5}},"7":{"start":{"line":42,"column":33},"end":{"line":42,"column":59}},"8":{"start":{"line":43,"column":10},"end":{"line":45,"column":11}}},"fnMap":{"0":{"name":"(anonymous_0)","decl":{"start":{"line":20,"column":2},"end":{"line":20,"column":3}},"loc":{"start":{"line":20,"column":31},"end":{"line":25,"column":3}},"line":20},"1":{"name":"(anonymous_1)","decl":{"start":{"line":27,"column":2},"end":{"line":27,"column":3}},"loc":{"start":{"line":27,"column":12},"end":{"line":65,"column":3}},"line":27},"2":{"name":"(anonymous_2)","decl":{"start":{"line":41,"column":35},"end":{"line":41,"column":36}},"loc":{"start":{"line":41,"column":48},"end":{"line":46,"column":9}},"line":41}},"branchMap":{},"s":{"0":0,"1":0,"2":0,"3":0,"4":0,"5":0,"6":0,"7":0,"8":0},"f":{"0":0,"1":0,"2":0},"b":{},"_coverageSchema":"332fd63041d2c1bcb487cc26dd0d5f7d97098a6c","hash":"fa5601e0ca3e1e39058ad9425bcefe9b7510a5f8"}
,"/Users/alecfelt/Neo-Market/WebApp/components/checkOutPage/checkOutPageTotalValue/checkOutPageTotalValue.js": {"path":"/Users/alecfelt/Neo-Market/WebApp/components/checkOutPage/checkOutPageTotalValue/checkOutPageTotalValue.js","statementMap":{"0":{"start":{"line":18,"column":4},"end":{"line":18,"column":32}},"1":{"start":{"line":19,"column":4},"end":{"line":19,"column":25}},"2":{"start":{"line":20,"column":4},"end":{"line":22,"column":5}},"3":{"start":{"line":26,"column":4},"end":{"line":31,"column":5}}},"fnMap":{"0":{"name":"(anonymous_0)","decl":{"start":{"line":17,"column":2},"end":{"line":17,"column":3}},"loc":{"start":{"line":17,"column":31},"end":{"line":23,"column":3}},"line":17},"1":{"name":"(anonymous_1)","decl":{"start":{"line":25,"column":2},"end":{"line":25,"column":3}},"loc":{"start":{"line":25,"column":12},"end":{"line":32,"column":3}},"line":25}},"branchMap":{},"s":{"0":0,"1":0,"2":0,"3":0},"f":{"0":0,"1":0},"b":{},"_coverageSchema":"332fd63041d2c1bcb487cc26dd0d5f7d97098a6c","hash":"1d22718e43d29d950f0cc3c5babc2bb538ee0465"}
,"/Users/alecfelt/Neo-Market/WebApp/components/checkOutPage/checkOutTableItems/checkOutTableItems.js": {"path":"/Users/alecfelt/Neo-Market/WebApp/components/checkOutPage/checkOutTableItems/checkOutTableItems.js","statementMap":{"0":{"start":{"line":18,"column":6},"end":{"line":18,"column":27}},"1":{"start":{"line":19,"column":6},"end":{"line":21,"column":7}},"2":{"start":{"line":26,"column":29},"end":{"line":26,"column":56}},"3":{"start":{"line":27,"column":27},"end":{"line":27,"column":52}},"4":{"start":{"line":28,"column":21},"end":{"line":28,"column":40}},"5":{"start":{"line":30,"column":6},"end":{"line":34,"column":7}}},"fnMap":{"0":{"name":"(anonymous_0)","decl":{"start":{"line":17,"column":4},"end":{"line":17,"column":5}},"loc":{"start":{"line":17,"column":32},"end":{"line":22,"column":5}},"line":17},"1":{"name":"(anonymous_1)","decl":{"start":{"line":24,"column":4},"end":{"line":24,"column":5}},"loc":{"start":{"line":24,"column":14},"end":{"line":35,"column":5}},"line":24}},"branchMap":{},"s":{"0":0,"1":0,"2":0,"3":0,"4":0,"5":0},"f":{"0":0,"1":0},"b":{},"_coverageSchema":"332fd63041d2c1bcb487cc26dd0d5f7d97098a6c","hash":"99011c76d9882f858ef81b5137e3861ee1726e77"}
,"/Users/alecfelt/Neo-Market/WebApp/components/checkOutPage/checkOutTableItems/checkOutTableItem/checkOutTableItem.js": {"path":"/Users/alecfelt/Neo-Market/WebApp/components/checkOutPage/checkOutTableItems/checkOutTableItem/checkOutTableItem.js","statementMap":{"0":{"start":{"line":22,"column":4},"end":{"line":22,"column":48}},"1":{"start":{"line":23,"column":4},"end":{"line":23,"column":25}},"2":{"start":{"line":24,"column":4},"end":{"line":26,"column":5}},"3":{"start":{"line":30,"column":27},"end":{"line":30,"column":54}},"4":{"start":{"line":31,"column":25},"end":{"line":31,"column":50}},"5":{"start":{"line":32,"column":19},"end":{"line":32,"column":38}},"6":{"start":{"line":34,"column":4},"end":{"line":44,"column":5}},"7":{"start":{"line":40,"column":49},"end":{"line":40,"column":87}}},"fnMap":{"0":{"name":"(anonymous_0)","decl":{"start":{"line":21,"column":2},"end":{"line":21,"column":3}},"loc":{"start":{"line":21,"column":30},"end":{"line":27,"column":3}},"line":21},"1":{"name":"(anonymous_1)","decl":{"start":{"line":29,"column":2},"end":{"line":29,"column":3}},"loc":{"start":{"line":29,"column":12},"end":{"line":45,"column":3}},"line":29},"2":{"name":"(anonymous_2)","decl":{"start":{"line":40,"column":42},"end":{"line":40,"column":43}},"loc":{"start":{"line":40,"column":48},"end":{"line":40,"column":88}},"line":40}},"branchMap":{},"s":{"0":0,"1":0,"2":0,"3":0,"4":0,"5":0,"6":0,"7":0},"f":{"0":0,"1":0,"2":0},"b":{},"_coverageSchema":"332fd63041d2c1bcb487cc26dd0d5f7d97098a6c","hash":"36cbdc2c4e5a523539511e55bdc6423f1a0089b5"}
,"/Users/alecfelt/Neo-Market/WebApp/components/checkOutPage/checkOutTableItems/checkOutTableItem/checkOutPageItemContent/checkOutPageItemContent.js": {"path":"/Users/alecfelt/Neo-Market/WebApp/components/checkOutPage/checkOutTableItems/checkOutTableItem/checkOutPageItemContent/checkOutPageItemContent.js","statementMap":{"0":{"start":{"line":22,"column":4},"end":{"line":22,"column":55}},"1":{"start":{"line":23,"column":4},"end":{"line":23,"column":25}},"2":{"start":{"line":24,"column":4},"end":{"line":26,"column":5}},"3":{"start":{"line":30,"column":27},"end":{"line":30,"column":54}},"4":{"start":{"line":31,"column":4},"end":{"line":38,"column":5}}},"fnMap":{"0":{"name":"(anonymous_0)","decl":{"start":{"line":21,"column":2},"end":{"line":21,"column":3}},"loc":{"start":{"line":21,"column":31},"end":{"line":27,"column":3}},"line":21},"1":{"name":"(anonymous_1)","decl":{"start":{"line":29,"column":2},"end":{"line":29,"column":3}},"loc":{"start":{"line":29,"column":12},"end":{"line":39,"column":3}},"line":29}},"branchMap":{},"s":{"0":0,"1":0,"2":0,"3":0,"4":0},"f":{"0":0,"1":0},"b":{},"_coverageSchema":"332fd63041d2c1bcb487cc26dd0d5f7d97098a6c","hash":"f61d88e9111ea49b7c1e78e06946ed6009e52593"}
,"/Users/alecfelt/Neo-Market/WebApp/components/checkOutPage/checkOutTableItems/checkOutTableItem/checkOutPageItemContent/checkOutPageAddr/checkOutPageAddr.js": {"path":"/Users/alecfelt/Neo-Market/WebApp/components/checkOutPage/checkOutTableItems/checkOutTableItem/checkOutPageItemContent/checkOutPageAddr/checkOutPageAddr.js","statementMap":{"0":{"start":{"line":17,"column":4},"end":{"line":17,"column":48}},"1":{"start":{"line":18,"column":4},"end":{"line":18,"column":25}},"2":{"start":{"line":19,"column":4},"end":{"line":21,"column":5}},"3":{"start":{"line":25,"column":4},"end":{"line":30,"column":5}}},"fnMap":{"0":{"name":"(anonymous_0)","decl":{"start":{"line":16,"column":2},"end":{"line":16,"column":3}},"loc":{"start":{"line":16,"column":31},"end":{"line":22,"column":3}},"line":16},"1":{"name":"(anonymous_1)","decl":{"start":{"line":24,"column":2},"end":{"line":24,"column":3}},"loc":{"start":{"line":24,"column":12},"end":{"line":31,"column":3}},"line":24}},"branchMap":{},"s":{"0":0,"1":0,"2":0,"3":0},"f":{"0":0,"1":0},"b":{},"_coverageSchema":"332fd63041d2c1bcb487cc26dd0d5f7d97098a6c","hash":"41e1d4d6900a37d7e3ec98006307154ba955fdef"}
,"/Users/alecfelt/Neo-Market/WebApp/components/checkOutPage/checkOutTableItems/checkOutTableItem/checkOutPageItemContent/checkOutPagePrice/checkOutPagePrice.js": {"path":"/Users/alecfelt/Neo-Market/WebApp/components/checkOutPage/checkOutTableItems/checkOutTableItem/checkOutPageItemContent/checkOutPagePrice/checkOutPagePrice.js","statementMap":{"0":{"start":{"line":17,"column":4},"end":{"line":17,"column":49}},"1":{"start":{"line":18,"column":4},"end":{"line":18,"column":25}},"2":{"start":{"line":19,"column":4},"end":{"line":21,"column":5}},"3":{"start":{"line":25,"column":4},"end":{"line":30,"column":5}}},"fnMap":{"0":{"name":"(anonymous_0)","decl":{"start":{"line":16,"column":2},"end":{"line":16,"column":3}},"loc":{"start":{"line":16,"column":31},"end":{"line":22,"column":3}},"line":16},"1":{"name":"(anonymous_1)","decl":{"start":{"line":24,"column":2},"end":{"line":24,"column":3}},"loc":{"start":{"line":24,"column":12},"end":{"line":31,"column":3}},"line":24}},"branchMap":{},"s":{"0":0,"1":0,"2":0,"3":0},"f":{"0":0,"1":0},"b":{},"_coverageSchema":"332fd63041d2c1bcb487cc26dd0d5f7d97098a6c","hash":"b9e9f2e207a1bb4335b68487bd8aeb2390d95dd6"}
,"/Users/alecfelt/Neo-Market/WebApp/components/checkOutPage/checkOutTableItems/checkOutTableItem/checkOutPageItemContent/checkOutPageTitle/checkOutPageTitle.js": {"path":"/Users/alecfelt/Neo-Market/WebApp/components/checkOutPage/checkOutTableItems/checkOutTableItem/checkOutPageItemContent/checkOutPageTitle/checkOutPageTitle.js","statementMap":{"0":{"start":{"line":17,"column":4},"end":{"line":17,"column":49}},"1":{"start":{"line":18,"column":4},"end":{"line":18,"column":25}},"2":{"start":{"line":19,"column":4},"end":{"line":21,"column":5}},"3":{"start":{"line":25,"column":4},"end":{"line":30,"column":5}}},"fnMap":{"0":{"name":"(anonymous_0)","decl":{"start":{"line":16,"column":2},"end":{"line":16,"column":3}},"loc":{"start":{"line":16,"column":31},"end":{"line":22,"column":3}},"line":16},"1":{"name":"(anonymous_1)","decl":{"start":{"line":24,"column":2},"end":{"line":24,"column":3}},"loc":{"start":{"line":24,"column":12},"end":{"line":31,"column":3}},"line":24}},"branchMap":{},"s":{"0":0,"1":0,"2":0,"3":0},"f":{"0":0,"1":0},"b":{},"_coverageSchema":"332fd63041d2c1bcb487cc26dd0d5f7d97098a6c","hash":"3c128d338bfe0f8577e07c00d823831c6e69b2d1"}
,"/Users/alecfelt/Neo-Market/WebApp/components/checkOutPage/checkOutTableItems/checkOutTableItem/checkOutPagePicture/checkOutPagePicture.js": {"path":"/Users/alecfelt/Neo-Market/WebApp/components/checkOutPage/checkOutTableItems/checkOutTableItem/checkOutPagePicture/checkOutPagePicture.js","statementMap":{"0":{"start":{"line":24,"column":4},"end":{"line":24,"column":25}},"1":{"start":{"line":25,"column":4},"end":{"line":28,"column":5}},"2":{"start":{"line":32,"column":15},"end":{"line":32,"column":19}},"3":{"start":{"line":33,"column":4},"end":{"line":33,"column":105}},"4":{"start":{"line":38,"column":6},"end":{"line":40,"column":63}},"5":{"start":{"line":42,"column":4},"end":{"line":47,"column":5}}},"fnMap":{"0":{"name":"(anonymous_0)","decl":{"start":{"line":23,"column":2},"end":{"line":23,"column":3}},"loc":{"start":{"line":23,"column":30},"end":{"line":29,"column":3}},"line":23},"1":{"name":"(anonymous_1)","decl":{"start":{"line":31,"column":2},"end":{"line":31,"column":3}},"loc":{"start":{"line":31,"column":23},"end":{"line":34,"column":3}},"line":31},"2":{"name":"(anonymous_2)","decl":{"start":{"line":36,"column":2},"end":{"line":36,"column":3}},"loc":{"start":{"line":36,"column":12},"end":{"line":48,"column":3}},"line":36}},"branchMap":{"0":{"loc":{"start":{"line":38,"column":6},"end":{"line":40,"column":63}},"type":"cond-expr","locations":[{"start":{"line":39,"column":6},"end":{"line":39,"column":65}},{"start":{"line":40,"column":6},"end":{"line":40,"column":63}}],"line":38}},"s":{"0":0,"1":0,"2":0,"3":0,"4":0,"5":0},"f":{"0":0,"1":0,"2":0},"b":{"0":[0,0]},"_coverageSchema":"332fd63041d2c1bcb487cc26dd0d5f7d97098a6c","hash":"0f74e0c6cf87ac393bd6d0b1411758adc904bbd4"}
,"/Users/alecfelt/Neo-Market/WebApp/components/checkOutPage/totalPurchase/totalPurchase.js": {"path":"/Users/alecfelt/Neo-Market/WebApp/components/checkOutPage/totalPurchase/totalPurchase.js","statementMap":{"0":{"start":{"line":21,"column":4},"end":{"line":21,"column":25}},"1":{"start":{"line":22,"column":4},"end":{"line":24,"column":5}},"2":{"start":{"line":25,"column":4},"end":{"line":25,"column":51}},"3":{"start":{"line":29,"column":4},"end":{"line":29,"column":47}},"4":{"start":{"line":33,"column":4},"end":{"line":38,"column":5}}},"fnMap":{"0":{"name":"(anonymous_0)","decl":{"start":{"line":20,"column":2},"end":{"line":20,"column":3}},"loc":{"start":{"line":20,"column":30},"end":{"line":26,"column":3}},"line":20},"1":{"name":"(anonymous_1)","decl":{"start":{"line":28,"column":2},"end":{"line":28,"column":3}},"loc":{"start":{"line":28,"column":16},"end":{"line":30,"column":3}},"line":28},"2":{"name":"(anonymous_2)","decl":{"start":{"line":32,"column":2},"end":{"line":32,"column":3}},"loc":{"start":{"line":32,"column":12},"end":{"line":39,"column":3}},"line":32}},"branchMap":{},"s":{"0":0,"1":0,"2":0,"3":0,"4":0},"f":{"0":0,"1":0,"2":0},"b":{},"_coverageSchema":"332fd63041d2c1bcb487cc26dd0d5f7d97098a6c","hash":"bb6f4fc78a71cd33f5516bdab860cd8fb0f552a0"}
,"/Users/alecfelt/Neo-Market/WebApp/components/filterDropdown/filterDropdown.js": {"path":"/Users/alecfelt/Neo-Market/WebApp/components/filterDropdown/filterDropdown.js","statementMap":{"0":{"start":{"line":20,"column":4},"end":{"line":20,"column":25}},"1":{"start":{"line":21,"column":4},"end":{"line":23,"column":5}},"2":{"start":{"line":24,"column":4},"end":{"line":24,"column":35}},"3":{"start":{"line":28,"column":4},"end":{"line":28,"column":26}},"4":{"start":{"line":29,"column":4},"end":{"line":29,"column":54}},"5":{"start":{"line":33,"column":24},"end":{"line":33,"column":62}},"6":{"start":{"line":34,"column":26},"end":{"line":34,"column":44}},"7":{"start":{"line":35,"column":19},"end":{"line":51,"column":5}},"8":{"start":{"line":52,"column":4},"end":{"line":58,"column":5}}},"fnMap":{"0":{"name":"(anonymous_0)","decl":{"start":{"line":19,"column":2},"end":{"line":19,"column":3}},"loc":{"start":{"line":19,"column":30},"end":{"line":25,"column":3}},"line":19},"1":{"name":"(anonymous_1)","decl":{"start":{"line":27,"column":19},"end":{"line":27,"column":20}},"loc":{"start":{"line":27,"column":25},"end":{"line":30,"column":3}},"line":27},"2":{"name":"(anonymous_2)","decl":{"start":{"line":32,"column":2},"end":{"line":32,"column":3}},"loc":{"start":{"line":32,"column":12},"end":{"line":59,"column":3}},"line":32}},"branchMap":{"0":{"loc":{"start":{"line":33,"column":25},"end":{"line":33,"column":54}},"type":"cond-expr","locations":[{"start":{"line":33,"column":47},"end":{"line":33,"column":50}},{"start":{"line":33,"column":53},"end":{"line":33,"column":54}}],"line":33}},"s":{"0":0,"1":0,"2":0,"3":0,"4":0,"5":0,"6":0,"7":0,"8":0},"f":{"0":0,"1":0,"2":0},"b":{"0":[0,0]},"_coverageSchema":"332fd63041d2c1bcb487cc26dd0d5f7d97098a6c","hash":"f7e10d14bc32e8cb584073c2cec111c782402fa8"}
,"/Users/alecfelt/Neo-Market/WebApp/components/filterDropdown/filterDropdownContent/filterDropdownContent.js": {"path":"/Users/alecfelt/Neo-Market/WebApp/components/filterDropdown/filterDropdownContent/filterDropdownContent.js","statementMap":{"0":{"start":{"line":19,"column":4},"end":{"line":19,"column":25}},"1":{"start":{"line":20,"column":4},"end":{"line":22,"column":5}},"2":{"start":{"line":26,"column":21},"end":{"line":26,"column":30}},"3":{"start":{"line":27,"column":19},"end":{"line":34,"column":5}},"4":{"start":{"line":35,"column":4},"end":{"line":40,"column":5}}},"fnMap":{"0":{"name":"(anonymous_0)","decl":{"start":{"line":18,"column":2},"end":{"line":18,"column":3}},"loc":{"start":{"line":18,"column":30},"end":{"line":23,"column":3}},"line":18},"1":{"name":"(anonymous_1)","decl":{"start":{"line":25,"column":2},"end":{"line":25,"column":3}},"loc":{"start":{"line":25,"column":12},"end":{"line":41,"column":3}},"line":25}},"branchMap":{},"s":{"0":0,"1":0,"2":0,"3":0,"4":0},"f":{"0":0,"1":0},"b":{},"_coverageSchema":"332fd63041d2c1bcb487cc26dd0d5f7d97098a6c","hash":"25189f7ecaef999b687e30c14f007060ba8ebcb7"}
,"/Users/alecfelt/Neo-Market/WebApp/components/filterDropdown/filterDropdownContent/filterGroup/filterGroup.js": {"path":"/Users/alecfelt/Neo-Market/WebApp/components/filterDropdown/filterDropdownContent/filterGroup/filterGroup.js","statementMap":{"0":{"start":{"line":16,"column":4},"end":{"line":16,"column":25}},"1":{"start":{"line":17,"column":4},"end":{"line":19,"column":5}},"2":{"start":{"line":23,"column":4},"end":{"line":26,"column":5}}},"fnMap":{"0":{"name":"(anonymous_0)","decl":{"start":{"line":15,"column":2},"end":{"line":15,"column":3}},"loc":{"start":{"line":15,"column":30},"end":{"line":20,"column":3}},"line":15},"1":{"name":"(anonymous_1)","decl":{"start":{"line":22,"column":2},"end":{"line":22,"column":3}},"loc":{"start":{"line":22,"column":12},"end":{"line":27,"column":3}},"line":22}},"branchMap":{},"s":{"0":0,"1":0,"2":0},"f":{"0":0,"1":0},"b":{},"_coverageSchema":"332fd63041d2c1bcb487cc26dd0d5f7d97098a6c","hash":"5565e6db6f66add09c2de835d479d3fc8846c703"}
,"/Users/alecfelt/Neo-Market/WebApp/components/forumsPage/forumsPage.js": {"path":"/Users/alecfelt/Neo-Market/WebApp/components/forumsPage/forumsPage.js","statementMap":{"0":{"start":{"line":17,"column":4},"end":{"line":17,"column":25}},"1":{"start":{"line":18,"column":4},"end":{"line":20,"column":5}},"2":{"start":{"line":24,"column":21},"end":{"line":24,"column":31}},"3":{"start":{"line":25,"column":4},"end":{"line":25,"column":35}},"4":{"start":{"line":26,"column":4},"end":{"line":31,"column":5}}},"fnMap":{"0":{"name":"(anonymous_0)","decl":{"start":{"line":16,"column":2},"end":{"line":16,"column":3}},"loc":{"start":{"line":16,"column":31},"end":{"line":21,"column":3}},"line":16},"1":{"name":"(anonymous_1)","decl":{"start":{"line":23,"column":2},"end":{"line":23,"column":3}},"loc":{"start":{"line":23,"column":12},"end":{"line":32,"column":3}},"line":23}},"branchMap":{},"s":{"0":0,"1":0,"2":0,"3":0,"4":0},"f":{"0":0,"1":0},"b":{},"_coverageSchema":"332fd63041d2c1bcb487cc26dd0d5f7d97098a6c","hash":"11e7bf98a7694c228109b552dc11fe57470a4d93"}
,"/Users/alecfelt/Neo-Market/WebApp/components/leftAccountBar/leftAccountBar.js": {"path":"/Users/alecfelt/Neo-Market/WebApp/components/leftAccountBar/leftAccountBar.js","statementMap":{"0":{"start":{"line":22,"column":4},"end":{"line":22,"column":25}},"1":{"start":{"line":23,"column":4},"end":{"line":25,"column":5}},"2":{"start":{"line":29,"column":4},"end":{"line":34,"column":5}}},"fnMap":{"0":{"name":"(anonymous_0)","decl":{"start":{"line":21,"column":2},"end":{"line":21,"column":3}},"loc":{"start":{"line":21,"column":31},"end":{"line":26,"column":3}},"line":21},"1":{"name":"(anonymous_1)","decl":{"start":{"line":28,"column":2},"end":{"line":28,"column":3}},"loc":{"start":{"line":28,"column":12},"end":{"line":35,"column":3}},"line":28}},"branchMap":{},"s":{"0":0,"1":0,"2":0},"f":{"0":0,"1":0},"b":{},"_coverageSchema":"332fd63041d2c1bcb487cc26dd0d5f7d97098a6c","hash":"82c8014684e78013cd28cec32a247c57f927f164"}
,"/Users/alecfelt/Neo-Market/WebApp/components/leftAccountBar/leftAccountBarContent/leftAccountBarContent.js": {"path":"/Users/alecfelt/Neo-Market/WebApp/components/leftAccountBar/leftAccountBarContent/leftAccountBarContent.js","statementMap":{"0":{"start":{"line":19,"column":4},"end":{"line":19,"column":25}},"1":{"start":{"line":20,"column":4},"end":{"line":22,"column":5}},"2":{"start":{"line":26,"column":4},"end":{"line":26,"column":48}},"3":{"start":{"line":30,"column":4},"end":{"line":36,"column":5}}},"fnMap":{"0":{"name":"(anonymous_0)","decl":{"start":{"line":18,"column":2},"end":{"line":18,"column":3}},"loc":{"start":{"line":18,"column":30},"end":{"line":23,"column":3}},"line":18},"1":{"name":"(anonymous_1)","decl":{"start":{"line":25,"column":19},"end":{"line":25,"column":20}},"loc":{"start":{"line":25,"column":25},"end":{"line":27,"column":3}},"line":25},"2":{"name":"(anonymous_2)","decl":{"start":{"line":29,"column":2},"end":{"line":29,"column":3}},"loc":{"start":{"line":29,"column":12},"end":{"line":37,"column":3}},"line":29}},"branchMap":{},"s":{"0":0,"1":0,"2":0,"3":0},"f":{"0":0,"1":0,"2":0},"b":{},"_coverageSchema":"332fd63041d2c1bcb487cc26dd0d5f7d97098a6c","hash":"95bd1e440298ea2ae1975acad3f739bec795083a"}
,"/Users/alecfelt/Neo-Market/WebApp/components/leftSideBar/leftSideBar.js": {"path":"/Users/alecfelt/Neo-Market/WebApp/components/leftSideBar/leftSideBar.js","statementMap":{"0":{"start":{"line":23,"column":4},"end":{"line":23,"column":25}},"1":{"start":{"line":24,"column":4},"end":{"line":26,"column":5}},"2":{"start":{"line":30,"column":4},"end":{"line":41,"column":5}},"3":{"start":{"line":34,"column":12},"end":{"line":36,"column":13}}},"fnMap":{"0":{"name":"(anonymous_0)","decl":{"start":{"line":22,"column":2},"end":{"line":22,"column":3}},"loc":{"start":{"line":22,"column":31},"end":{"line":27,"column":3}},"line":22},"1":{"name":"(anonymous_1)","decl":{"start":{"line":29,"column":2},"end":{"line":29,"column":3}},"loc":{"start":{"line":29,"column":12},"end":{"line":42,"column":3}},"line":29},"2":{"name":"(anonymous_2)","decl":{"start":{"line":33,"column":29},"end":{"line":33,"column":30}},"loc":{"start":{"line":33,"column":37},"end":{"line":37,"column":11}},"line":33}},"branchMap":{},"s":{"0":0,"1":0,"2":0,"3":0},"f":{"0":0,"1":0,"2":0},"b":{},"_coverageSchema":"332fd63041d2c1bcb487cc26dd0d5f7d97098a6c","hash":"f342294e05634a976d3c207522533626cd0c9cbe"}
,"/Users/alecfelt/Neo-Market/WebApp/components/leftSideBar/leftSideBarItem/leftSideBarItem.js": {"path":"/Users/alecfelt/Neo-Market/WebApp/components/leftSideBar/leftSideBarItem/leftSideBarItem.js","statementMap":{"0":{"start":{"line":30,"column":4},"end":{"line":30,"column":25}},"1":{"start":{"line":31,"column":4},"end":{"line":33,"column":5}},"2":{"start":{"line":50,"column":21},"end":{"line":50,"column":71}},"3":{"start":{"line":51,"column":16},"end":{"line":51,"column":38}},"4":{"start":{"line":53,"column":4},"end":{"line":59,"column":5}}},"fnMap":{"0":{"name":"(anonymous_0)","decl":{"start":{"line":29,"column":2},"end":{"line":29,"column":3}},"loc":{"start":{"line":29,"column":30},"end":{"line":34,"column":3}},"line":29},"1":{"name":"(anonymous_1)","decl":{"start":{"line":48,"column":2},"end":{"line":48,"column":3}},"loc":{"start":{"line":48,"column":12},"end":{"line":61,"column":3}},"line":48}},"branchMap":{},"s":{"0":0,"1":0,"2":0,"3":0,"4":0},"f":{"0":0,"1":0},"b":{},"_coverageSchema":"332fd63041d2c1bcb487cc26dd0d5f7d97098a6c","hash":"195aa41c8b122dc6b2cb343acf863f0497cc0cdf"}
,"/Users/alecfelt/Neo-Market/WebApp/components/listingsPage/listingsPage.js": {"path":"/Users/alecfelt/Neo-Market/WebApp/components/listingsPage/listingsPage.js","statementMap":{"0":{"start":{"line":31,"column":4},"end":{"line":31,"column":25}},"1":{"start":{"line":32,"column":4},"end":{"line":33,"column":5}},"2":{"start":{"line":37,"column":16},"end":{"line":37,"column":38}},"3":{"start":{"line":38,"column":20},"end":{"line":38,"column":46}},"4":{"start":{"line":39,"column":19},"end":{"line":39,"column":38}},"5":{"start":{"line":40,"column":4},"end":{"line":52,"column":5}},"6":{"start":{"line":44,"column":21},"end":{"line":44,"column":45}},"7":{"start":{"line":45,"column":10},"end":{"line":47,"column":11}}},"fnMap":{"0":{"name":"(anonymous_0)","decl":{"start":{"line":30,"column":2},"end":{"line":30,"column":3}},"loc":{"start":{"line":30,"column":30},"end":{"line":34,"column":3}},"line":30},"1":{"name":"(anonymous_1)","decl":{"start":{"line":36,"column":2},"end":{"line":36,"column":3}},"loc":{"start":{"line":36,"column":12},"end":{"line":53,"column":3}},"line":36},"2":{"name":"(anonymous_2)","decl":{"start":{"line":43,"column":20},"end":{"line":43,"column":21}},"loc":{"start":{"line":43,"column":35},"end":{"line":48,"column":9}},"line":43}},"branchMap":{},"s":{"0":0,"1":0,"2":0,"3":0,"4":0,"5":0,"6":0,"7":0},"f":{"0":0,"1":0,"2":0},"b":{},"_coverageSchema":"332fd63041d2c1bcb487cc26dd0d5f7d97098a6c","hash":"1d8474424233b50123a95cf34935453149073786"}
,"/Users/alecfelt/Neo-Market/WebApp/components/listingsPage/listing/listing.js": {"path":"/Users/alecfelt/Neo-Market/WebApp/components/listingsPage/listing/listing.js","statementMap":{"0":{"start":{"line":21,"column":4},"end":{"line":21,"column":25}},"1":{"start":{"line":22,"column":4},"end":{"line":24,"column":5}},"2":{"start":{"line":28,"column":15},"end":{"line":28,"column":30}},"3":{"start":{"line":29,"column":19},"end":{"line":29,"column":38}},"4":{"start":{"line":30,"column":4},"end":{"line":36,"column":5}}},"fnMap":{"0":{"name":"(anonymous_0)","decl":{"start":{"line":20,"column":2},"end":{"line":20,"column":3}},"loc":{"start":{"line":20,"column":30},"end":{"line":25,"column":3}},"line":20},"1":{"name":"(anonymous_1)","decl":{"start":{"line":27,"column":2},"end":{"line":27,"column":3}},"loc":{"start":{"line":27,"column":12},"end":{"line":37,"column":3}},"line":27}},"branchMap":{},"s":{"0":0,"1":0,"2":0,"3":0,"4":0},"f":{"0":0,"1":0},"b":{},"_coverageSchema":"332fd63041d2c1bcb487cc26dd0d5f7d97098a6c","hash":"4c2a4af8167816ed68520a577deecff90dd009b0"}
,"/Users/alecfelt/Neo-Market/WebApp/components/listingsPage/listing/listingContent/listingContent.js": {"path":"/Users/alecfelt/Neo-Market/WebApp/components/listingsPage/listing/listingContent/listingContent.js","statementMap":{"0":{"start":{"line":22,"column":4},"end":{"line":22,"column":25}},"1":{"start":{"line":23,"column":4},"end":{"line":25,"column":5}},"2":{"start":{"line":29,"column":15},"end":{"line":29,"column":30}},"3":{"start":{"line":30,"column":16},"end":{"line":30,"column":26}},"4":{"start":{"line":31,"column":16},"end":{"line":31,"column":26}},"5":{"start":{"line":32,"column":22},"end":{"line":32,"column":31}},"6":{"start":{"line":33,"column":4},"end":{"line":39,"column":5}}},"fnMap":{"0":{"name":"(anonymous_0)","decl":{"start":{"line":21,"column":2},"end":{"line":21,"column":3}},"loc":{"start":{"line":21,"column":30},"end":{"line":26,"column":3}},"line":21},"1":{"name":"(anonymous_1)","decl":{"start":{"line":28,"column":2},"end":{"line":28,"column":3}},"loc":{"start":{"line":28,"column":12},"end":{"line":40,"column":3}},"line":28}},"branchMap":{},"s":{"0":0,"1":0,"2":0,"3":0,"4":0,"5":0,"6":0},"f":{"0":0,"1":0},"b":{},"_coverageSchema":"332fd63041d2c1bcb487cc26dd0d5f7d97098a6c","hash":"7eb6a32b7aec410aa755e13ed9c10d2eab500d12"}
,"/Users/alecfelt/Neo-Market/WebApp/components/listingsPage/listing/listingContent/listingContentButton/listingContentButton.js": {"path":"/Users/alecfelt/Neo-Market/WebApp/components/listingsPage/listing/listingContent/listingContentButton/listingContentButton.js","statementMap":{"0":{"start":{"line":19,"column":4},"end":{"line":19,"column":25}},"1":{"start":{"line":20,"column":4},"end":{"line":22,"column":5}},"2":{"start":{"line":26,"column":16},"end":{"line":26,"column":32}},"3":{"start":{"line":27,"column":4},"end":{"line":32,"column":5}}},"fnMap":{"0":{"name":"(anonymous_0)","decl":{"start":{"line":18,"column":2},"end":{"line":18,"column":3}},"loc":{"start":{"line":18,"column":30},"end":{"line":23,"column":3}},"line":18},"1":{"name":"(anonymous_1)","decl":{"start":{"line":25,"column":2},"end":{"line":25,"column":3}},"loc":{"start":{"line":25,"column":12},"end":{"line":33,"column":3}},"line":25}},"branchMap":{},"s":{"0":0,"1":0,"2":0,"3":0},"f":{"0":0,"1":0},"b":{},"_coverageSchema":"332fd63041d2c1bcb487cc26dd0d5f7d97098a6c","hash":"746d203d712b2798e70203cfd90bbe53bd0df710"}
,"/Users/alecfelt/Neo-Market/WebApp/components/listingsPage/listing/listingContent/listingContentText/listingContentText.js": {"path":"/Users/alecfelt/Neo-Market/WebApp/components/listingsPage/listing/listingContent/listingContentText/listingContentText.js","statementMap":{"0":{"start":{"line":21,"column":4},"end":{"line":21,"column":25}},"1":{"start":{"line":22,"column":4},"end":{"line":24,"column":5}},"2":{"start":{"line":28,"column":16},"end":{"line":28,"column":32}},"3":{"start":{"line":29,"column":22},"end":{"line":29,"column":44}},"4":{"start":{"line":30,"column":4},"end":{"line":41,"column":5}}},"fnMap":{"0":{"name":"(anonymous_0)","decl":{"start":{"line":20,"column":2},"end":{"line":20,"column":3}},"loc":{"start":{"line":20,"column":30},"end":{"line":25,"column":3}},"line":20},"1":{"name":"(anonymous_1)","decl":{"start":{"line":27,"column":2},"end":{"line":27,"column":3}},"loc":{"start":{"line":27,"column":12},"end":{"line":42,"column":3}},"line":27}},"branchMap":{},"s":{"0":0,"1":0,"2":0,"3":0,"4":0},"f":{"0":0,"1":0},"b":{},"_coverageSchema":"332fd63041d2c1bcb487cc26dd0d5f7d97098a6c","hash":"2130995e985226a853e2fb1f2776db3948cd65cc"}
,"/Users/alecfelt/Neo-Market/WebApp/components/listingsPage/listing/listingPic/listingPic.js": {"path":"/Users/alecfelt/Neo-Market/WebApp/components/listingsPage/listing/listingPic/listingPic.js","statementMap":{"0":{"start":{"line":23,"column":4},"end":{"line":23,"column":25}},"1":{"start":{"line":24,"column":4},"end":{"line":27,"column":5}},"2":{"start":{"line":31,"column":4},"end":{"line":31,"column":105}},"3":{"start":{"line":35,"column":6},"end":{"line":37,"column":63}},"4":{"start":{"line":39,"column":4},"end":{"line":44,"column":5}}},"fnMap":{"0":{"name":"(anonymous_0)","decl":{"start":{"line":22,"column":2},"end":{"line":22,"column":3}},"loc":{"start":{"line":22,"column":30},"end":{"line":28,"column":3}},"line":22},"1":{"name":"(anonymous_1)","decl":{"start":{"line":30,"column":2},"end":{"line":30,"column":3}},"loc":{"start":{"line":30,"column":12},"end":{"line":45,"column":3}},"line":30}},"branchMap":{"0":{"loc":{"start":{"line":35,"column":6},"end":{"line":37,"column":63}},"type":"cond-expr","locations":[{"start":{"line":36,"column":6},"end":{"line":36,"column":65}},{"start":{"line":37,"column":6},"end":{"line":37,"column":63}}],"line":35}},"s":{"0":0,"1":0,"2":0,"3":0,"4":0},"f":{"0":0,"1":0},"b":{"0":[0,0]},"_coverageSchema":"332fd63041d2c1bcb487cc26dd0d5f7d97098a6c","hash":"9554812b44344cee0c316f4cdd8350af18f39d27"}
,"/Users/alecfelt/Neo-Market/WebApp/components/makePost/makePost.js": {"path":"/Users/alecfelt/Neo-Market/WebApp/components/makePost/makePost.js","statementMap":{"0":{"start":{"line":26,"column":4},"end":{"line":26,"column":25}},"1":{"start":{"line":27,"column":4},"end":{"line":29,"column":5}},"2":{"start":{"line":33,"column":18},"end":{"line":33,"column":36}},"3":{"start":{"line":34,"column":4},"end":{"line":40,"column":5}}},"fnMap":{"0":{"name":"(anonymous_0)","decl":{"start":{"line":25,"column":2},"end":{"line":25,"column":3}},"loc":{"start":{"line":25,"column":31},"end":{"line":30,"column":3}},"line":25},"1":{"name":"(anonymous_1)","decl":{"start":{"line":32,"column":2},"end":{"line":32,"column":3}},"loc":{"start":{"line":32,"column":12},"end":{"line":41,"column":3}},"line":32}},"branchMap":{},"s":{"0":0,"1":0,"2":0,"3":0},"f":{"0":0,"1":0},"b":{},"_coverageSchema":"332fd63041d2c1bcb487cc26dd0d5f7d97098a6c","hash":"fae2f94580f7df050bbee06731d44d3638ec2d0f"}
,"/Users/alecfelt/Neo-Market/WebApp/components/makePost/makePostForm/makePostForm.js": {"path":"/Users/alecfelt/Neo-Market/WebApp/components/makePost/makePostForm/makePostForm.js","statementMap":{"0":{"start":{"line":28,"column":4},"end":{"line":28,"column":25}},"1":{"start":{"line":29,"column":4},"end":{"line":32,"column":5}},"2":{"start":{"line":33,"column":4},"end":{"line":33,"column":41}},"3":{"start":{"line":34,"column":4},"end":{"line":34,"column":45}},"4":{"start":{"line":38,"column":15},"end":{"line":38,"column":17}},"5":{"start":{"line":39,"column":19},"end":{"line":39,"column":83}},"6":{"start":{"line":41,"column":4},"end":{"line":42,"column":75}},"7":{"start":{"line":42,"column":6},"end":{"line":42,"column":75}},"8":{"start":{"line":44,"column":4},"end":{"line":44,"column":16}},"9":{"start":{"line":48,"column":4},"end":{"line":48,"column":24}},"10":{"start":{"line":50,"column":15},"end":{"line":50,"column":40}},"11":{"start":{"line":51,"column":4},"end":{"line":51,"column":34}},"12":{"start":{"line":52,"column":4},"end":{"line":52,"column":40}},"13":{"start":{"line":53,"column":4},"end":{"line":53,"column":34}},"14":{"start":{"line":54,"column":4},"end":{"line":54,"column":22}},"15":{"start":{"line":55,"column":4},"end":{"line":55,"column":50}},"16":{"start":{"line":67,"column":21},"end":{"line":67,"column":31}},"17":{"start":{"line":68,"column":4},"end":{"line":68,"column":35}},"18":{"start":{"line":69,"column":4},"end":{"line":117,"column":5}},"19":{"start":{"line":78,"column":73},"end":{"line":78,"column":90}},"20":{"start":{"line":84,"column":73},"end":{"line":84,"column":96}},"21":{"start":{"line":96,"column":63},"end":{"line":96,"column":86}},"22":{"start":{"line":100,"column":64},"end":{"line":100,"column":84}},"23":{"start":{"line":109,"column":73},"end":{"line":109,"column":90}}},"fnMap":{"0":{"name":"(anonymous_0)","decl":{"start":{"line":27,"column":2},"end":{"line":27,"column":3}},"loc":{"start":{"line":27,"column":31},"end":{"line":35,"column":3}},"line":27},"1":{"name":"(anonymous_1)","decl":{"start":{"line":37,"column":2},"end":{"line":37,"column":3}},"loc":{"start":{"line":37,"column":11},"end":{"line":45,"column":3}},"line":37},"2":{"name":"(anonymous_2)","decl":{"start":{"line":47,"column":2},"end":{"line":47,"column":3}},"loc":{"start":{"line":47,"column":15},"end":{"line":64,"column":3}},"line":47},"3":{"name":"(anonymous_3)","decl":{"start":{"line":66,"column":2},"end":{"line":66,"column":3}},"loc":{"start":{"line":66,"column":12},"end":{"line":118,"column":3}},"line":66},"4":{"name":"(anonymous_4)","decl":{"start":{"line":78,"column":62},"end":{"line":78,"column":63}},"loc":{"start":{"line":78,"column":71},"end":{"line":78,"column":92}},"line":78},"5":{"name":"(anonymous_5)","decl":{"start":{"line":84,"column":62},"end":{"line":84,"column":63}},"loc":{"start":{"line":84,"column":71},"end":{"line":84,"column":98}},"line":84},"6":{"name":"(anonymous_6)","decl":{"start":{"line":96,"column":52},"end":{"line":96,"column":53}},"loc":{"start":{"line":96,"column":61},"end":{"line":96,"column":88}},"line":96},"7":{"name":"(anonymous_7)","decl":{"start":{"line":100,"column":53},"end":{"line":100,"column":54}},"loc":{"start":{"line":100,"column":62},"end":{"line":100,"column":86}},"line":100},"8":{"name":"(anonymous_8)","decl":{"start":{"line":109,"column":62},"end":{"line":109,"column":63}},"loc":{"start":{"line":109,"column":71},"end":{"line":109,"column":92}},"line":109}},"branchMap":{},"s":{"0":0,"1":0,"2":0,"3":0,"4":0,"5":0,"6":0,"7":0,"8":0,"9":0,"10":0,"11":0,"12":0,"13":0,"14":0,"15":0,"16":0,"17":0,"18":0,"19":0,"20":0,"21":0,"22":0,"23":0},"f":{"0":0,"1":0,"2":0,"3":0,"4":0,"5":0,"6":0,"7":0,"8":0},"b":{},"_coverageSchema":"332fd63041d2c1bcb487cc26dd0d5f7d97098a6c","hash":"3e15657443646f582b05f931dc124d52eb3b3267"}
,"/Users/alecfelt/Neo-Market/WebApp/components/makePost/makePostForm/makePostFormNew.js": {"path":"/Users/alecfelt/Neo-Market/WebApp/components/makePost/makePostForm/makePostFormNew.js","statementMap":{"0":{"start":{"line":30,"column":4},"end":{"line":30,"column":25}},"1":{"start":{"line":31,"column":4},"end":{"line":34,"column":5}},"2":{"start":{"line":35,"column":4},"end":{"line":35,"column":41}},"3":{"start":{"line":36,"column":4},"end":{"line":36,"column":45}},"4":{"start":{"line":40,"column":15},"end":{"line":40,"column":17}},"5":{"start":{"line":41,"column":19},"end":{"line":41,"column":83}},"6":{"start":{"line":43,"column":4},"end":{"line":44,"column":75}},"7":{"start":{"line":44,"column":6},"end":{"line":44,"column":75}},"8":{"start":{"line":46,"column":4},"end":{"line":46,"column":16}},"9":{"start":{"line":50,"column":15},"end":{"line":50,"column":40}},"10":{"start":{"line":51,"column":13},"end":{"line":51,"column":26}},"11":{"start":{"line":54,"column":27},"end":{"line":54,"column":36}},"12":{"start":{"line":55,"column":4},"end":{"line":55,"column":135}},"13":{"start":{"line":66,"column":4},"end":{"line":126,"column":5}},"14":{"start":{"line":80,"column":91},"end":{"line":80,"column":108}},"15":{"start":{"line":87,"column":91},"end":{"line":87,"column":114}},"16":{"start":{"line":94,"column":89},"end":{"line":94,"column":112}},"17":{"start":{"line":101,"column":91},"end":{"line":101,"column":108}},"18":{"start":{"line":108,"column":91},"end":{"line":108,"column":109}},"19":{"start":{"line":115,"column":26},"end":{"line":117,"column":35}},"20":{"start":{"line":115,"column":65},"end":{"line":115,"column":82}}},"fnMap":{"0":{"name":"(anonymous_0)","decl":{"start":{"line":29,"column":2},"end":{"line":29,"column":3}},"loc":{"start":{"line":29,"column":31},"end":{"line":37,"column":3}},"line":29},"1":{"name":"(anonymous_1)","decl":{"start":{"line":39,"column":2},"end":{"line":39,"column":3}},"loc":{"start":{"line":39,"column":11},"end":{"line":47,"column":3}},"line":39},"2":{"name":"(anonymous_2)","decl":{"start":{"line":49,"column":2},"end":{"line":49,"column":3}},"loc":{"start":{"line":49,"column":15},"end":{"line":63,"column":3}},"line":49},"3":{"name":"(anonymous_3)","decl":{"start":{"line":65,"column":2},"end":{"line":65,"column":3}},"loc":{"start":{"line":65,"column":12},"end":{"line":127,"column":3}},"line":65},"4":{"name":"(anonymous_4)","decl":{"start":{"line":80,"column":80},"end":{"line":80,"column":81}},"loc":{"start":{"line":80,"column":89},"end":{"line":80,"column":110}},"line":80},"5":{"name":"(anonymous_5)","decl":{"start":{"line":87,"column":80},"end":{"line":87,"column":81}},"loc":{"start":{"line":87,"column":89},"end":{"line":87,"column":116}},"line":87},"6":{"name":"(anonymous_6)","decl":{"start":{"line":94,"column":78},"end":{"line":94,"column":79}},"loc":{"start":{"line":94,"column":87},"end":{"line":94,"column":114}},"line":94},"7":{"name":"(anonymous_7)","decl":{"start":{"line":101,"column":80},"end":{"line":101,"column":81}},"loc":{"start":{"line":101,"column":89},"end":{"line":101,"column":110}},"line":101},"8":{"name":"(anonymous_8)","decl":{"start":{"line":108,"column":80},"end":{"line":108,"column":81}},"loc":{"start":{"line":108,"column":89},"end":{"line":108,"column":111}},"line":108},"9":{"name":"(anonymous_9)","decl":{"start":{"line":114,"column":37},"end":{"line":114,"column":38}},"loc":{"start":{"line":115,"column":26},"end":{"line":117,"column":35}},"line":115},"10":{"name":"(anonymous_10)","decl":{"start":{"line":115,"column":57},"end":{"line":115,"column":58}},"loc":{"start":{"line":115,"column":63},"end":{"line":115,"column":84}},"line":115}},"branchMap":{},"s":{"0":0,"1":0,"2":0,"3":0,"4":0,"5":0,"6":0,"7":0,"8":0,"9":0,"10":0,"11":0,"12":0,"13":0,"14":0,"15":0,"16":0,"17":0,"18":0,"19":0,"20":0},"f":{"0":0,"1":0,"2":0,"3":0,"4":0,"5":0,"6":0,"7":0,"8":0,"9":0,"10":0},"b":{},"_coverageSchema":"332fd63041d2c1bcb487cc26dd0d5f7d97098a6c","hash":"b3d0de05ce19e9fed04386e51f5d2d27991b6384"}
,"/Users/alecfelt/Neo-Market/WebApp/components/moreInfoListingPage/moreInfoListingPage.js": {"path":"/Users/alecfelt/Neo-Market/WebApp/components/moreInfoListingPage/moreInfoListingPage.js","statementMap":{"0":{"start":{"line":23,"column":4},"end":{"line":23,"column":25}},"1":{"start":{"line":24,"column":4},"end":{"line":26,"column":5}},"2":{"start":{"line":30,"column":15},"end":{"line":30,"column":30}},"3":{"start":{"line":31,"column":22},"end":{"line":31,"column":44}},"4":{"start":{"line":32,"column":21},"end":{"line":32,"column":42}},"5":{"start":{"line":33,"column":19},"end":{"line":33,"column":38}},"6":{"start":{"line":35,"column":4},"end":{"line":41,"column":5}}},"fnMap":{"0":{"name":"(anonymous_0)","decl":{"start":{"line":22,"column":2},"end":{"line":22,"column":3}},"loc":{"start":{"line":22,"column":30},"end":{"line":27,"column":3}},"line":22},"1":{"name":"(anonymous_1)","decl":{"start":{"line":29,"column":2},"end":{"line":29,"column":3}},"loc":{"start":{"line":29,"column":12},"end":{"line":42,"column":3}},"line":29}},"branchMap":{},"s":{"0":0,"1":0,"2":0,"3":0,"4":0,"5":0,"6":0},"f":{"0":0,"1":0},"b":{},"_coverageSchema":"332fd63041d2c1bcb487cc26dd0d5f7d97098a6c","hash":"15e2b7149c73f8e1e545e306ee155646f145fbf8"}
,"/Users/alecfelt/Neo-Market/WebApp/components/moreInfoListingPage/moreInfoListingBottom/moreInfoListingBottom.js": {"path":"/Users/alecfelt/Neo-Market/WebApp/components/moreInfoListingPage/moreInfoListingBottom/moreInfoListingBottom.js","statementMap":{"0":{"start":{"line":19,"column":4},"end":{"line":19,"column":25}},"1":{"start":{"line":20,"column":4},"end":{"line":22,"column":5}},"2":{"start":{"line":26,"column":15},"end":{"line":26,"column":30}},"3":{"start":{"line":27,"column":22},"end":{"line":27,"column":44}},"4":{"start":{"line":28,"column":21},"end":{"line":28,"column":42}},"5":{"start":{"line":29,"column":19},"end":{"line":29,"column":38}},"6":{"start":{"line":31,"column":4},"end":{"line":37,"column":5}}},"fnMap":{"0":{"name":"(anonymous_0)","decl":{"start":{"line":18,"column":2},"end":{"line":18,"column":3}},"loc":{"start":{"line":18,"column":30},"end":{"line":23,"column":3}},"line":18},"1":{"name":"(anonymous_1)","decl":{"start":{"line":25,"column":2},"end":{"line":25,"column":3}},"loc":{"start":{"line":25,"column":12},"end":{"line":38,"column":3}},"line":25}},"branchMap":{},"s":{"0":0,"1":0,"2":0,"3":0,"4":0,"5":0,"6":0},"f":{"0":0,"1":0},"b":{},"_coverageSchema":"332fd63041d2c1bcb487cc26dd0d5f7d97098a6c","hash":"8c5216f9f870e0d113c70eb0440ba49f2382d12e"}
,"/Users/alecfelt/Neo-Market/WebApp/components/moreInfoListingPage/moreInfoListingBottom/moreInfoListingItem/moreInfoListingItem.js": {"path":"/Users/alecfelt/Neo-Market/WebApp/components/moreInfoListingPage/moreInfoListingBottom/moreInfoListingItem/moreInfoListingItem.js","statementMap":{"0":{"start":{"line":20,"column":4},"end":{"line":20,"column":25}},"1":{"start":{"line":21,"column":4},"end":{"line":23,"column":5}},"2":{"start":{"line":28,"column":15},"end":{"line":28,"column":30}},"3":{"start":{"line":29,"column":22},"end":{"line":29,"column":44}},"4":{"start":{"line":30,"column":19},"end":{"line":30,"column":38}},"5":{"start":{"line":32,"column":4},"end":{"line":38,"column":5}}},"fnMap":{"0":{"name":"(anonymous_0)","decl":{"start":{"line":19,"column":2},"end":{"line":19,"column":3}},"loc":{"start":{"line":19,"column":30},"end":{"line":24,"column":3}},"line":19},"1":{"name":"(anonymous_1)","decl":{"start":{"line":26,"column":2},"end":{"line":26,"column":3}},"loc":{"start":{"line":26,"column":12},"end":{"line":39,"column":3}},"line":26}},"branchMap":{},"s":{"0":0,"1":0,"2":0,"3":0,"4":0,"5":0},"f":{"0":0,"1":0},"b":{},"_coverageSchema":"332fd63041d2c1bcb487cc26dd0d5f7d97098a6c","hash":"a1d139537a3f257a944bc7d79f490016b6f7636b"}
,"/Users/alecfelt/Neo-Market/WebApp/components/moreInfoListingPage/moreInfoListingBottom/moreInfoListingItem/moreInfoListingDesc/moreInfoListingDesc.js": {"path":"/Users/alecfelt/Neo-Market/WebApp/components/moreInfoListingPage/moreInfoListingBottom/moreInfoListingItem/moreInfoListingDesc/moreInfoListingDesc.js","statementMap":{"0":{"start":{"line":17,"column":4},"end":{"line":17,"column":25}},"1":{"start":{"line":18,"column":4},"end":{"line":20,"column":5}},"2":{"start":{"line":24,"column":4},"end":{"line":29,"column":5}}},"fnMap":{"0":{"name":"(anonymous_0)","decl":{"start":{"line":16,"column":2},"end":{"line":16,"column":3}},"loc":{"start":{"line":16,"column":30},"end":{"line":21,"column":3}},"line":16},"1":{"name":"(anonymous_1)","decl":{"start":{"line":23,"column":2},"end":{"line":23,"column":3}},"loc":{"start":{"line":23,"column":12},"end":{"line":30,"column":3}},"line":23}},"branchMap":{},"s":{"0":0,"1":0,"2":0},"f":{"0":0,"1":0},"b":{},"_coverageSchema":"332fd63041d2c1bcb487cc26dd0d5f7d97098a6c","hash":"a4b9d921e38f520de838f87f02f14c83558b4a7b"}
,"/Users/alecfelt/Neo-Market/WebApp/components/moreInfoListingPage/moreInfoListingBottom/moreInfoListingItem/moreInfoListingImg/moreInfoListingImg.js": {"path":"/Users/alecfelt/Neo-Market/WebApp/components/moreInfoListingPage/moreInfoListingBottom/moreInfoListingItem/moreInfoListingImg/moreInfoListingImg.js","statementMap":{"0":{"start":{"line":21,"column":4},"end":{"line":21,"column":25}},"1":{"start":{"line":22,"column":4},"end":{"line":25,"column":5}},"2":{"start":{"line":29,"column":15},"end":{"line":29,"column":19}},"3":{"start":{"line":30,"column":4},"end":{"line":30,"column":105}},"4":{"start":{"line":35,"column":6},"end":{"line":37,"column":63}},"5":{"start":{"line":39,"column":4},"end":{"line":44,"column":5}}},"fnMap":{"0":{"name":"(anonymous_0)","decl":{"start":{"line":20,"column":2},"end":{"line":20,"column":3}},"loc":{"start":{"line":20,"column":30},"end":{"line":26,"column":3}},"line":20},"1":{"name":"(anonymous_1)","decl":{"start":{"line":28,"column":2},"end":{"line":28,"column":3}},"loc":{"start":{"line":28,"column":23},"end":{"line":31,"column":3}},"line":28},"2":{"name":"(anonymous_2)","decl":{"start":{"line":33,"column":2},"end":{"line":33,"column":3}},"loc":{"start":{"line":33,"column":12},"end":{"line":45,"column":3}},"line":33}},"branchMap":{"0":{"loc":{"start":{"line":35,"column":6},"end":{"line":37,"column":63}},"type":"cond-expr","locations":[{"start":{"line":36,"column":6},"end":{"line":36,"column":65}},{"start":{"line":37,"column":6},"end":{"line":37,"column":63}}],"line":35}},"s":{"0":0,"1":0,"2":0,"3":0,"4":0,"5":0},"f":{"0":0,"1":0,"2":0},"b":{"0":[0,0]},"_coverageSchema":"332fd63041d2c1bcb487cc26dd0d5f7d97098a6c","hash":"0730f346b4198fd36fa6d0df4be24e555bc204b6"}
,"/Users/alecfelt/Neo-Market/WebApp/components/moreInfoListingPage/moreInfoListingBottom/moreInfoListingSpec/moreInfoListingSpec.js": {"path":"/Users/alecfelt/Neo-Market/WebApp/components/moreInfoListingPage/moreInfoListingBottom/moreInfoListingSpec/moreInfoListingSpec.js","statementMap":{"0":{"start":{"line":21,"column":4},"end":{"line":21,"column":25}},"1":{"start":{"line":22,"column":4},"end":{"line":24,"column":5}},"2":{"start":{"line":28,"column":15},"end":{"line":28,"column":30}},"3":{"start":{"line":29,"column":17},"end":{"line":29,"column":27}},"4":{"start":{"line":30,"column":16},"end":{"line":30,"column":29}},"5":{"start":{"line":31,"column":22},"end":{"line":31,"column":44}},"6":{"start":{"line":32,"column":21},"end":{"line":32,"column":42}},"7":{"start":{"line":33,"column":4},"end":{"line":33,"column":28}},"8":{"start":{"line":34,"column":4},"end":{"line":80,"column":5}},"9":{"start":{"line":65,"column":57},"end":{"line":65,"column":76}},"10":{"start":{"line":70,"column":61},"end":{"line":70,"column":79}}},"fnMap":{"0":{"name":"(anonymous_0)","decl":{"start":{"line":20,"column":2},"end":{"line":20,"column":3}},"loc":{"start":{"line":20,"column":30},"end":{"line":25,"column":3}},"line":20},"1":{"name":"(anonymous_1)","decl":{"start":{"line":27,"column":2},"end":{"line":27,"column":3}},"loc":{"start":{"line":27,"column":12},"end":{"line":81,"column":3}},"line":27},"2":{"name":"(anonymous_2)","decl":{"start":{"line":65,"column":50},"end":{"line":65,"column":51}},"loc":{"start":{"line":65,"column":56},"end":{"line":65,"column":77}},"line":65},"3":{"name":"(anonymous_3)","decl":{"start":{"line":70,"column":54},"end":{"line":70,"column":55}},"loc":{"start":{"line":70,"column":60},"end":{"line":70,"column":80}},"line":70}},"branchMap":{},"s":{"0":0,"1":0,"2":0,"3":0,"4":0,"5":0,"6":0,"7":0,"8":0,"9":0,"10":0},"f":{"0":0,"1":0,"2":0,"3":0},"b":{},"_coverageSchema":"332fd63041d2c1bcb487cc26dd0d5f7d97098a6c","hash":"f5f4a884e8d7d9c4ba6926431a24c2de585e24e7"}
,"/Users/alecfelt/Neo-Market/WebApp/components/moreInfoListingPage/moreInfoListingTop/moreInfoListingTop.js": {"path":"/Users/alecfelt/Neo-Market/WebApp/components/moreInfoListingPage/moreInfoListingTop/moreInfoListingTop.js","statementMap":{"0":{"start":{"line":19,"column":4},"end":{"line":19,"column":25}},"1":{"start":{"line":20,"column":4},"end":{"line":22,"column":5}},"2":{"start":{"line":26,"column":4},"end":{"line":31,"column":5}}},"fnMap":{"0":{"name":"(anonymous_0)","decl":{"start":{"line":18,"column":2},"end":{"line":18,"column":3}},"loc":{"start":{"line":18,"column":30},"end":{"line":23,"column":3}},"line":18},"1":{"name":"(anonymous_1)","decl":{"start":{"line":25,"column":2},"end":{"line":25,"column":3}},"loc":{"start":{"line":25,"column":12},"end":{"line":32,"column":3}},"line":25}},"branchMap":{},"s":{"0":0,"1":0,"2":0},"f":{"0":0,"1":0},"b":{},"_coverageSchema":"332fd63041d2c1bcb487cc26dd0d5f7d97098a6c","hash":"f20bd74b05e730165ceb120853ca3c654a6e15a2"}
,"/Users/alecfelt/Neo-Market/WebApp/components/moreInfoListingPage/moreInfoListingTop/moreInfoListingBackBtn/moreInfoListingBackBtn.js": {"path":"/Users/alecfelt/Neo-Market/WebApp/components/moreInfoListingPage/moreInfoListingTop/moreInfoListingBackBtn/moreInfoListingBackBtn.js","statementMap":{"0":{"start":{"line":18,"column":4},"end":{"line":18,"column":25}},"1":{"start":{"line":19,"column":4},"end":{"line":21,"column":5}},"2":{"start":{"line":25,"column":4},"end":{"line":30,"column":5}}},"fnMap":{"0":{"name":"(anonymous_0)","decl":{"start":{"line":17,"column":2},"end":{"line":17,"column":3}},"loc":{"start":{"line":17,"column":30},"end":{"line":22,"column":3}},"line":17},"1":{"name":"(anonymous_1)","decl":{"start":{"line":24,"column":2},"end":{"line":24,"column":3}},"loc":{"start":{"line":24,"column":12},"end":{"line":31,"column":3}},"line":24}},"branchMap":{},"s":{"0":0,"1":0,"2":0},"f":{"0":0,"1":0},"b":{},"_coverageSchema":"332fd63041d2c1bcb487cc26dd0d5f7d97098a6c","hash":"3ee10d07ebaf275456e238122da08fc1d959fde9"}
,"/Users/alecfelt/Neo-Market/WebApp/components/peoplePage/peoplePage.js": {"path":"/Users/alecfelt/Neo-Market/WebApp/components/peoplePage/peoplePage.js","statementMap":{"0":{"start":{"line":17,"column":4},"end":{"line":17,"column":25}},"1":{"start":{"line":18,"column":4},"end":{"line":20,"column":5}},"2":{"start":{"line":24,"column":4},"end":{"line":24,"column":39}},"3":{"start":{"line":28,"column":21},"end":{"line":28,"column":31}},"4":{"start":{"line":29,"column":4},"end":{"line":29,"column":35}},"5":{"start":{"line":30,"column":4},"end":{"line":35,"column":5}}},"fnMap":{"0":{"name":"(anonymous_0)","decl":{"start":{"line":16,"column":2},"end":{"line":16,"column":3}},"loc":{"start":{"line":16,"column":31},"end":{"line":21,"column":3}},"line":16},"1":{"name":"(anonymous_1)","decl":{"start":{"line":23,"column":2},"end":{"line":23,"column":3}},"loc":{"start":{"line":23,"column":23},"end":{"line":25,"column":3}},"line":23},"2":{"name":"(anonymous_2)","decl":{"start":{"line":27,"column":2},"end":{"line":27,"column":3}},"loc":{"start":{"line":27,"column":12},"end":{"line":36,"column":3}},"line":27}},"branchMap":{},"s":{"0":0,"1":0,"2":0,"3":0,"4":0,"5":0},"f":{"0":0,"1":0,"2":0},"b":{},"_coverageSchema":"332fd63041d2c1bcb487cc26dd0d5f7d97098a6c","hash":"1c95c9728e676f0228cbc57ac4152f22af20166f"}
,"/Users/alecfelt/Neo-Market/WebApp/components/promosPage/promosPage.js": {"path":"/Users/alecfelt/Neo-Market/WebApp/components/promosPage/promosPage.js","statementMap":{"0":{"start":{"line":17,"column":4},"end":{"line":17,"column":25}},"1":{"start":{"line":18,"column":4},"end":{"line":20,"column":5}},"2":{"start":{"line":24,"column":21},"end":{"line":24,"column":31}},"3":{"start":{"line":25,"column":4},"end":{"line":25,"column":35}},"4":{"start":{"line":26,"column":4},"end":{"line":31,"column":5}}},"fnMap":{"0":{"name":"(anonymous_0)","decl":{"start":{"line":16,"column":2},"end":{"line":16,"column":3}},"loc":{"start":{"line":16,"column":31},"end":{"line":21,"column":3}},"line":16},"1":{"name":"(anonymous_1)","decl":{"start":{"line":23,"column":2},"end":{"line":23,"column":3}},"loc":{"start":{"line":23,"column":12},"end":{"line":32,"column":3}},"line":23}},"branchMap":{},"s":{"0":0,"1":0,"2":0,"3":0,"4":0},"f":{"0":0,"1":0},"b":{},"_coverageSchema":"332fd63041d2c1bcb487cc26dd0d5f7d97098a6c","hash":"2e005743898e009a057bb49e28c71f04c4e7e702"}
,"/Users/alecfelt/Neo-Market/WebApp/components/purchasesPage/purchasesPage.js": {"path":"/Users/alecfelt/Neo-Market/WebApp/components/purchasesPage/purchasesPage.js","statementMap":{"0":{"start":{"line":7,"column":4},"end":{"line":7,"column":25}},"1":{"start":{"line":8,"column":4},"end":{"line":10,"column":5}},"2":{"start":{"line":14,"column":21},"end":{"line":14,"column":31}},"3":{"start":{"line":15,"column":4},"end":{"line":15,"column":35}},"4":{"start":{"line":16,"column":4},"end":{"line":21,"column":5}}},"fnMap":{"0":{"name":"(anonymous_0)","decl":{"start":{"line":6,"column":2},"end":{"line":6,"column":3}},"loc":{"start":{"line":6,"column":31},"end":{"line":11,"column":3}},"line":6},"1":{"name":"(anonymous_1)","decl":{"start":{"line":13,"column":2},"end":{"line":13,"column":3}},"loc":{"start":{"line":13,"column":12},"end":{"line":22,"column":3}},"line":13}},"branchMap":{},"s":{"0":0,"1":0,"2":0,"3":0,"4":0},"f":{"0":0,"1":0},"b":{},"_coverageSchema":"332fd63041d2c1bcb487cc26dd0d5f7d97098a6c","hash":"9452ad4920d17073add0dfc8651eb4d286980a08"}
,"/Users/alecfelt/Neo-Market/WebApp/components/rightAccountBar/rightAccountBar.js": {"path":"/Users/alecfelt/Neo-Market/WebApp/components/rightAccountBar/rightAccountBar.js","statementMap":{"0":{"start":{"line":19,"column":4},"end":{"line":19,"column":25}},"1":{"start":{"line":20,"column":4},"end":{"line":22,"column":5}},"2":{"start":{"line":26,"column":4},"end":{"line":26,"column":35}},"3":{"start":{"line":30,"column":4},"end":{"line":35,"column":5}}},"fnMap":{"0":{"name":"(anonymous_0)","decl":{"start":{"line":18,"column":2},"end":{"line":18,"column":3}},"loc":{"start":{"line":18,"column":30},"end":{"line":23,"column":3}},"line":18},"1":{"name":"(anonymous_1)","decl":{"start":{"line":25,"column":19},"end":{"line":25,"column":20}},"loc":{"start":{"line":25,"column":25},"end":{"line":27,"column":3}},"line":25},"2":{"name":"(anonymous_2)","decl":{"start":{"line":29,"column":2},"end":{"line":29,"column":3}},"loc":{"start":{"line":29,"column":12},"end":{"line":36,"column":3}},"line":29}},"branchMap":{},"s":{"0":0,"1":0,"2":0,"3":0},"f":{"0":0,"1":0,"2":0},"b":{},"_coverageSchema":"332fd63041d2c1bcb487cc26dd0d5f7d97098a6c","hash":"cab55a00de7f2fde0ccf6a717fc9486df3e938d6"}
,"/Users/alecfelt/Neo-Market/WebApp/components/rightAccountBar/rightAccountBarContent/rightAccountBarContent.js": {"path":"/Users/alecfelt/Neo-Market/WebApp/components/rightAccountBar/rightAccountBarContent/rightAccountBarContent.js","statementMap":{"0":{"start":{"line":28,"column":4},"end":{"line":28,"column":25}},"1":{"start":{"line":29,"column":4},"end":{"line":31,"column":5}},"2":{"start":{"line":35,"column":4},"end":{"line":35,"column":48}},"3":{"start":{"line":39,"column":4},"end":{"line":46,"column":5}}},"fnMap":{"0":{"name":"(anonymous_0)","decl":{"start":{"line":27,"column":2},"end":{"line":27,"column":3}},"loc":{"start":{"line":27,"column":30},"end":{"line":32,"column":3}},"line":27},"1":{"name":"(anonymous_1)","decl":{"start":{"line":34,"column":19},"end":{"line":34,"column":20}},"loc":{"start":{"line":34,"column":25},"end":{"line":36,"column":3}},"line":34},"2":{"name":"(anonymous_2)","decl":{"start":{"line":38,"column":2},"end":{"line":38,"column":3}},"loc":{"start":{"line":38,"column":12},"end":{"line":47,"column":3}},"line":38}},"branchMap":{},"s":{"0":0,"1":0,"2":0,"3":0},"f":{"0":0,"1":0,"2":0},"b":{},"_coverageSchema":"332fd63041d2c1bcb487cc26dd0d5f7d97098a6c","hash":"7ea9b36b1a2132d92da8504c424c467dc377cfad"}
,"/Users/alecfelt/Neo-Market/WebApp/components/rightSideBar/rightSideBar.js": {"path":"/Users/alecfelt/Neo-Market/WebApp/components/rightSideBar/rightSideBar.js","statementMap":{"0":{"start":{"line":22,"column":4},"end":{"line":22,"column":25}},"1":{"start":{"line":23,"column":4},"end":{"line":25,"column":5}},"2":{"start":{"line":29,"column":20},"end":{"line":29,"column":40}},"3":{"start":{"line":30,"column":33},"end":{"line":30,"column":66}},"4":{"start":{"line":31,"column":25},"end":{"line":31,"column":50}},"5":{"start":{"line":32,"column":22},"end":{"line":32,"column":44}},"6":{"start":{"line":33,"column":28},"end":{"line":33,"column":56}},"7":{"start":{"line":34,"column":4},"end":{"line":40,"column":5}}},"fnMap":{"0":{"name":"(anonymous_0)","decl":{"start":{"line":21,"column":2},"end":{"line":21,"column":3}},"loc":{"start":{"line":21,"column":31},"end":{"line":26,"column":3}},"line":21},"1":{"name":"(anonymous_1)","decl":{"start":{"line":28,"column":2},"end":{"line":28,"column":3}},"loc":{"start":{"line":28,"column":12},"end":{"line":41,"column":3}},"line":28}},"branchMap":{},"s":{"0":0,"1":0,"2":0,"3":0,"4":0,"5":0,"6":0,"7":0},"f":{"0":0,"1":0},"b":{},"_coverageSchema":"332fd63041d2c1bcb487cc26dd0d5f7d97098a6c","hash":"5682cc6316ed0c039a37dc560deaf2e48244319f"}
,"/Users/alecfelt/Neo-Market/WebApp/components/rightSideBar/rightSideBarItems/rightSideBarItems.js": {"path":"/Users/alecfelt/Neo-Market/WebApp/components/rightSideBar/rightSideBarItems/rightSideBarItems.js","statementMap":{"0":{"start":{"line":20,"column":4},"end":{"line":20,"column":25}},"1":{"start":{"line":21,"column":4},"end":{"line":23,"column":5}},"2":{"start":{"line":27,"column":20},"end":{"line":27,"column":40}},"3":{"start":{"line":28,"column":33},"end":{"line":28,"column":66}},"4":{"start":{"line":29,"column":25},"end":{"line":29,"column":50}},"5":{"start":{"line":30,"column":22},"end":{"line":30,"column":44}},"6":{"start":{"line":32,"column":4},"end":{"line":42,"column":5}},"7":{"start":{"line":35,"column":33},"end":{"line":35,"column":59}},"8":{"start":{"line":36,"column":10},"end":{"line":38,"column":11}}},"fnMap":{"0":{"name":"(anonymous_0)","decl":{"start":{"line":19,"column":2},"end":{"line":19,"column":3}},"loc":{"start":{"line":19,"column":30},"end":{"line":24,"column":3}},"line":19},"1":{"name":"(anonymous_1)","decl":{"start":{"line":26,"column":2},"end":{"line":26,"column":3}},"loc":{"start":{"line":26,"column":12},"end":{"line":43,"column":3}},"line":26},"2":{"name":"(anonymous_2)","decl":{"start":{"line":34,"column":35},"end":{"line":34,"column":36}},"loc":{"start":{"line":34,"column":48},"end":{"line":39,"column":9}},"line":34}},"branchMap":{},"s":{"0":0,"1":0,"2":0,"3":0,"4":0,"5":0,"6":0,"7":0,"8":0},"f":{"0":0,"1":0,"2":0},"b":{},"_coverageSchema":"332fd63041d2c1bcb487cc26dd0d5f7d97098a6c","hash":"40eabba630ea76c3a57b47472352b1b9927b3977"}
,"/Users/alecfelt/Neo-Market/WebApp/components/rightSideBar/rightSideBarItems/rightSideBarItem/rightSideBarItem.js": {"path":"/Users/alecfelt/Neo-Market/WebApp/components/rightSideBar/rightSideBarItems/rightSideBarItem/rightSideBarItem.js","statementMap":{"0":{"start":{"line":20,"column":4},"end":{"line":20,"column":25}},"1":{"start":{"line":21,"column":4},"end":{"line":23,"column":5}},"2":{"start":{"line":27,"column":27},"end":{"line":27,"column":54}},"3":{"start":{"line":28,"column":25},"end":{"line":28,"column":50}},"4":{"start":{"line":30,"column":4},"end":{"line":45,"column":5}},"5":{"start":{"line":33,"column":47},"end":{"line":33,"column":85}}},"fnMap":{"0":{"name":"(anonymous_0)","decl":{"start":{"line":19,"column":2},"end":{"line":19,"column":3}},"loc":{"start":{"line":19,"column":30},"end":{"line":24,"column":3}},"line":19},"1":{"name":"(anonymous_1)","decl":{"start":{"line":26,"column":2},"end":{"line":26,"column":3}},"loc":{"start":{"line":26,"column":12},"end":{"line":46,"column":3}},"line":26},"2":{"name":"(anonymous_2)","decl":{"start":{"line":33,"column":40},"end":{"line":33,"column":41}},"loc":{"start":{"line":33,"column":46},"end":{"line":33,"column":86}},"line":33}},"branchMap":{},"s":{"0":0,"1":0,"2":0,"3":0,"4":0,"5":0},"f":{"0":0,"1":0,"2":0},"b":{},"_coverageSchema":"332fd63041d2c1bcb487cc26dd0d5f7d97098a6c","hash":"50dc8b8283be05e702e29d6fc240a25b76b08389"}
,"/Users/alecfelt/Neo-Market/WebApp/components/rightSideBar/rightSideBarTotal/rightSideBarTotal.js": {"path":"/Users/alecfelt/Neo-Market/WebApp/components/rightSideBar/rightSideBarTotal/rightSideBarTotal.js","statementMap":{"0":{"start":{"line":18,"column":4},"end":{"line":18,"column":25}},"1":{"start":{"line":19,"column":4},"end":{"line":21,"column":5}},"2":{"start":{"line":25,"column":28},"end":{"line":25,"column":56}},"3":{"start":{"line":26,"column":4},"end":{"line":35,"column":5}}},"fnMap":{"0":{"name":"(anonymous_0)","decl":{"start":{"line":17,"column":2},"end":{"line":17,"column":3}},"loc":{"start":{"line":17,"column":30},"end":{"line":22,"column":3}},"line":17},"1":{"name":"(anonymous_1)","decl":{"start":{"line":24,"column":2},"end":{"line":24,"column":3}},"loc":{"start":{"line":24,"column":12},"end":{"line":36,"column":3}},"line":24}},"branchMap":{},"s":{"0":0,"1":0,"2":0,"3":0},"f":{"0":0,"1":0},"b":{},"_coverageSchema":"332fd63041d2c1bcb487cc26dd0d5f7d97098a6c","hash":"97450ede5d80f7b4d1e1584e4033a3fa651298d8"}
,"/Users/alecfelt/Neo-Market/WebApp/components/routingComponent/routingComponent.js": {"path":"/Users/alecfelt/Neo-Market/WebApp/components/routingComponent/routingComponent.js","statementMap":{"0":{"start":{"line":20,"column":4},"end":{"line":20,"column":16}},"1":{"start":{"line":21,"column":4},"end":{"line":23,"column":5}},"2":{"start":{"line":27,"column":16},"end":{"line":27,"column":32}},"3":{"start":{"line":28,"column":16},"end":{"line":28,"column":27}},"4":{"start":{"line":29,"column":20},"end":{"line":29,"column":35}},"5":{"start":{"line":30,"column":22},"end":{"line":30,"column":44}},"6":{"start":{"line":31,"column":25},"end":{"line":31,"column":50}},"7":{"start":{"line":32,"column":33},"end":{"line":32,"column":66}},"8":{"start":{"line":33,"column":28},"end":{"line":33,"column":56}},"9":{"start":{"line":34,"column":18},"end":{"line":34,"column":36}},"10":{"start":{"line":35,"column":21},"end":{"line":35,"column":42}},"11":{"start":{"line":36,"column":19},"end":{"line":36,"column":38}},"12":{"start":{"line":37,"column":4},"end":{"line":58,"column":5}},"13":{"start":{"line":40,"column":47},"end":{"line":40,"column":96}},"14":{"start":{"line":41,"column":49},"end":{"line":41,"column":98}},"15":{"start":{"line":42,"column":46},"end":{"line":42,"column":99}},"16":{"start":{"line":49,"column":49},"end":{"line":49,"column":224}},"17":{"start":{"line":51,"column":21},"end":{"line":51,"column":45}},"18":{"start":{"line":52,"column":12},"end":{"line":54,"column":13}},"19":{"start":{"line":53,"column":58},"end":{"line":53,"column":169}}},"fnMap":{"0":{"name":"(anonymous_0)","decl":{"start":{"line":19,"column":2},"end":{"line":19,"column":3}},"loc":{"start":{"line":19,"column":21},"end":{"line":24,"column":3}},"line":19},"1":{"name":"(anonymous_1)","decl":{"start":{"line":26,"column":2},"end":{"line":26,"column":3}},"loc":{"start":{"line":26,"column":11},"end":{"line":59,"column":3}},"line":26},"2":{"name":"(anonymous_2)","decl":{"start":{"line":40,"column":41},"end":{"line":40,"column":42}},"loc":{"start":{"line":40,"column":47},"end":{"line":40,"column":96}},"line":40},"3":{"name":"(anonymous_3)","decl":{"start":{"line":41,"column":43},"end":{"line":41,"column":44}},"loc":{"start":{"line":41,"column":49},"end":{"line":41,"column":98}},"line":41},"4":{"name":"(anonymous_4)","decl":{"start":{"line":42,"column":40},"end":{"line":42,"column":41}},"loc":{"start":{"line":42,"column":46},"end":{"line":42,"column":99}},"line":42},"5":{"name":"(anonymous_5)","decl":{"start":{"line":49,"column":43},"end":{"line":49,"column":44}},"loc":{"start":{"line":49,"column":49},"end":{"line":49,"column":224}},"line":49},"6":{"name":"(anonymous_6)","decl":{"start":{"line":50,"column":22},"end":{"line":50,"column":23}},"loc":{"start":{"line":50,"column":37},"end":{"line":55,"column":11}},"line":50},"7":{"name":"(anonymous_7)","decl":{"start":{"line":53,"column":52},"end":{"line":53,"column":53}},"loc":{"start":{"line":53,"column":58},"end":{"line":53,"column":169}},"line":53}},"branchMap":{},"s":{"0":0,"1":0,"2":0,"3":0,"4":0,"5":0,"6":0,"7":0,"8":0,"9":0,"10":0,"11":0,"12":0,"13":0,"14":0,"15":0,"16":0,"17":0,"18":0,"19":0},"f":{"0":0,"1":0,"2":0,"3":0,"4":0,"5":0,"6":0,"7":0},"b":{},"_coverageSchema":"332fd63041d2c1bcb487cc26dd0d5f7d97098a6c","hash":"bcc68d08f4834c763d5063b895133d59cc3b2047"}
,"/Users/alecfelt/Neo-Market/WebApp/components/topBar/topBar.js": {"path":"/Users/alecfelt/Neo-Market/WebApp/components/topBar/topBar.js","statementMap":{"0":{"start":{"line":21,"column":4},"end":{"line":21,"column":25}},"1":{"start":{"line":22,"column":4},"end":{"line":24,"column":5}},"2":{"start":{"line":25,"column":4},"end":{"line":25,"column":49}},"3":{"start":{"line":33,"column":4},"end":{"line":47,"column":5}}},"fnMap":{"0":{"name":"(anonymous_0)","decl":{"start":{"line":20,"column":2},"end":{"line":20,"column":3}},"loc":{"start":{"line":20,"column":31},"end":{"line":26,"column":3}},"line":20},"1":{"name":"(anonymous_1)","decl":{"start":{"line":29,"column":15},"end":{"line":29,"column":16}},"loc":{"start":{"line":29,"column":21},"end":{"line":30,"column":3}},"line":29},"2":{"name":"(anonymous_2)","decl":{"start":{"line":32,"column":2},"end":{"line":32,"column":3}},"loc":{"start":{"line":32,"column":12},"end":{"line":48,"column":3}},"line":32}},"branchMap":{},"s":{"0":0,"1":0,"2":0,"3":0},"f":{"0":0,"1":0,"2":0},"b":{},"_coverageSchema":"332fd63041d2c1bcb487cc26dd0d5f7d97098a6c","hash":"db29bdf2f9f3f2aef2b4a9a9e1ac91257aa7c14a"}
,"/Users/alecfelt/Neo-Market/WebApp/components/trashPage/trashPage.js": {"path":"/Users/alecfelt/Neo-Market/WebApp/components/trashPage/trashPage.js","statementMap":{"0":{"start":{"line":19,"column":4},"end":{"line":19,"column":25}},"1":{"start":{"line":20,"column":4},"end":{"line":22,"column":5}},"2":{"start":{"line":26,"column":21},"end":{"line":26,"column":31}},"3":{"start":{"line":27,"column":4},"end":{"line":27,"column":35}},"4":{"start":{"line":28,"column":4},"end":{"line":33,"column":5}}},"fnMap":{"0":{"name":"(anonymous_0)","decl":{"start":{"line":18,"column":2},"end":{"line":18,"column":3}},"loc":{"start":{"line":18,"column":31},"end":{"line":23,"column":3}},"line":18},"1":{"name":"(anonymous_1)","decl":{"start":{"line":25,"column":2},"end":{"line":25,"column":3}},"loc":{"start":{"line":25,"column":12},"end":{"line":34,"column":3}},"line":25}},"branchMap":{},"s":{"0":0,"1":0,"2":0,"3":0,"4":0},"f":{"0":0,"1":0},"b":{},"_coverageSchema":"332fd63041d2c1bcb487cc26dd0d5f7d97098a6c","hash":"ead148348796015c5f1c2e766c056eeacd1a4c4f"}
,"/Users/alecfelt/Neo-Market/WebApp/components/walletPage/walletPage.js": {"path":"/Users/alecfelt/Neo-Market/WebApp/components/walletPage/walletPage.js","statementMap":{"0":{"start":{"line":17,"column":4},"end":{"line":17,"column":25}},"1":{"start":{"line":18,"column":4},"end":{"line":20,"column":5}},"2":{"start":{"line":24,"column":21},"end":{"line":24,"column":31}},"3":{"start":{"line":25,"column":4},"end":{"line":25,"column":35}},"4":{"start":{"line":26,"column":4},"end":{"line":31,"column":5}}},"fnMap":{"0":{"name":"(anonymous_0)","decl":{"start":{"line":16,"column":2},"end":{"line":16,"column":3}},"loc":{"start":{"line":16,"column":31},"end":{"line":21,"column":3}},"line":16},"1":{"name":"(anonymous_1)","decl":{"start":{"line":23,"column":2},"end":{"line":23,"column":3}},"loc":{"start":{"line":23,"column":12},"end":{"line":32,"column":3}},"line":23}},"branchMap":{},"s":{"0":0,"1":0,"2":0,"3":0,"4":0},"f":{"0":0,"1":0},"b":{},"_coverageSchema":"332fd63041d2c1bcb487cc26dd0d5f7d97098a6c","hash":"a3c1184113a4464be7653d8749f432332111e5bf"}
,"/Users/alecfelt/Neo-Market/WebApp/pages/index.js": {"path":"/Users/alecfelt/Neo-Market/WebApp/pages/index.js","statementMap":{"0":{"start":{"line":13,"column":13},"end":{"line":20,"column":1}},"1":{"start":{"line":22,"column":0},"end":{"line":24,"column":1}},"2":{"start":{"line":23,"column":4},"end":{"line":23,"column":35}},"3":{"start":{"line":27,"column":0},"end":{"line":32,"column":3}},"4":{"start":{"line":29,"column":18},"end":{"line":29,"column":28}},"5":{"start":{"line":30,"column":21},"end":{"line":30,"column":34}},"6":{"start":{"line":46,"column":4},"end":{"line":46,"column":25}},"7":{"start":{"line":47,"column":4},"end":{"line":52,"column":5}},"8":{"start":{"line":56,"column":4},"end":{"line":56,"column":39}},"9":{"start":{"line":57,"column":4},"end":{"line":57,"column":60}},"10":{"start":{"line":57,"column":27},"end":{"line":57,"column":60}},"11":{"start":{"line":61,"column":4},"end":{"line":76,"column":5}},"12":{"start":{"line":62,"column":6},"end":{"line":67,"column":7}},"13":{"start":{"line":68,"column":11},"end":{"line":76,"column":5}},"14":{"start":{"line":69,"column":6},"end":{"line":75,"column":7}},"15":{"start":{"line":79,"column":4},"end":{"line":86,"column":5}}},"fnMap":{"0":{"name":"(anonymous_0)","decl":{"start":{"line":27,"column":122},"end":{"line":27,"column":123}},"loc":{"start":{"line":27,"column":138},"end":{"line":32,"column":1}},"line":27},"1":{"name":"(anonymous_1)","decl":{"start":{"line":45,"column":2},"end":{"line":45,"column":3}},"loc":{"start":{"line":45,"column":31},"end":{"line":53,"column":3}},"line":45},"2":{"name":"(anonymous_2)","decl":{"start":{"line":55,"column":2},"end":{"line":55,"column":3}},"loc":{"start":{"line":55,"column":23},"end":{"line":58,"column":3}},"line":55},"3":{"name":"(anonymous_3)","decl":{"start":{"line":60,"column":2},"end":{"line":60,"column":3}},"loc":{"start":{"line":60,"column":12},"end":{"line":87,"column":3}},"line":60}},"branchMap":{"0":{"loc":{"start":{"line":22,"column":0},"end":{"line":24,"column":1}},"type":"if","locations":[{"start":{"line":22,"column":0},"end":{"line":24,"column":1}},{"start":{"line":22,"column":0},"end":{"line":24,"column":1}}],"line":22},"1":{"loc":{"start":{"line":57,"column":4},"end":{"line":57,"column":60}},"type":"if","locations":[{"start":{"line":57,"column":4},"end":{"line":57,"column":60}},{"start":{"line":57,"column":4},"end":{"line":57,"column":60}}],"line":57},"2":{"loc":{"start":{"line":61,"column":4},"end":{"line":76,"column":5}},"type":"if","locations":[{"start":{"line":61,"column":4},"end":{"line":76,"column":5}},{"start":{"line":61,"column":4},"end":{"line":76,"column":5}}],"line":61},"3":{"loc":{"start":{"line":68,"column":11},"end":{"line":76,"column":5}},"type":"if","locations":[{"start":{"line":68,"column":11},"end":{"line":76,"column":5}},{"start":{"line":68,"column":11},"end":{"line":76,"column":5}}],"line":68}},"s":{"0":3,"1":3,"2":3,"3":3,"4":0,"5":0,"6":5,"7":5,"8":5,"9":5,"10":5,"11":10,"12":5,"13":5,"14":0,"15":5},"f":{"0":0,"1":5,"2":5,"3":10},"b":{"0":[3,0],"1":[5,0],"2":[5,5],"3":[0,5]},"_coverageSchema":"332fd63041d2c1bcb487cc26dd0d5f7d97098a6c","hash":"2371630daee910ab9c032f818a804eff0b7acf97"}
,"/Users/alecfelt/Neo-Market/WebApp/tests/jest/rightSideBarTotalMock.js": {"path":"/Users/alecfelt/Neo-Market/WebApp/tests/jest/rightSideBarTotalMock.js","statementMap":{"0":{"start":{"line":16,"column":4},"end":{"line":16,"column":25}},"1":{"start":{"line":17,"column":4},"end":{"line":19,"column":5}},"2":{"start":{"line":20,"column":4},"end":{"line":20,"column":63}},"3":{"start":{"line":24,"column":4},"end":{"line":27,"column":6}},"4":{"start":{"line":28,"column":4},"end":{"line":31,"column":5}},"5":{"start":{"line":29,"column":25},"end":{"line":29,"column":37}},"6":{"start":{"line":30,"column":6},"end":{"line":30,"column":55}},"7":{"start":{"line":32,"column":4},"end":{"line":32,"column":20}},"8":{"start":{"line":36,"column":4},"end":{"line":38,"column":5}}},"fnMap":{"0":{"name":"(anonymous_0)","decl":{"start":{"line":15,"column":2},"end":{"line":15,"column":3}},"loc":{"start":{"line":15,"column":30},"end":{"line":21,"column":3}},"line":15},"1":{"name":"(anonymous_1)","decl":{"start":{"line":23,"column":2},"end":{"line":23,"column":3}},"loc":{"start":{"line":23,"column":23},"end":{"line":33,"column":3}},"line":23},"2":{"name":"(anonymous_2)","decl":{"start":{"line":35,"column":2},"end":{"line":35,"column":3}},"loc":{"start":{"line":35,"column":12},"end":{"line":39,"column":3}},"line":35}},"branchMap":{},"s":{"0":1,"1":1,"2":1,"3":0,"4":0,"5":0,"6":0,"7":0,"8":1},"f":{"0":1,"1":0,"2":1},"b":{},"_coverageSchema":"332fd63041d2c1bcb487cc26dd0d5f7d97098a6c","hash":"1a0dabce57981b331e59a357aecb82dc33df4ef8"}
}
